aMS: ' v1="(a)aMSa"' => 'mdp="NA"'
aMs: ' v1="(a)aMsa"' => '10.304-01,-aMsa-'
ak: ' v1="(a)aka"' => '01.523-01,-ak-a'
akz: ' v1="(a)akza"' => '01.425-01,-akz-U'
ag: ' v1="(a)aga"' => '01.091-19,-ag-i;01.523-02,-ag-a'
aG: ' v1="(a)aGa"' => 'mdp="NA"'
aNk: ' v1="(a)aNka"' => '01.071-01,-ak-i;10.313-01,-aNka-'
aNg: ' v1="(a)aNga"' => '10.314-01,-aNga-'
ac: ' v1="(a)aca"' => '01.123-01p,-ac-a;01.595-01p,-ac-u'
aj: ' v1="(a)aja"' => '01.142-01,-aj-a;10.196-03,-aj-i'
aYc: ' v1="(a)aYca"' => '01.118-01,-aYc-u;01.595-01,-aYc-u;01.595-02p,-aYc-i;01.595-03p,-aYc-U;10.185-01,-aYc-u'
aYj: '' => '07.027-01,-aYj-U'
aw: ' v1="(a)awa"' => '01.196-01,-aw-a'
aww: ' v1="(a)awwa"' => '01.159-01,-aww-a;10.025-01,-aww-a'
aW: ' v1="(a)aWa"' => '01.165-01,-aW-i;01.225-01p,-aW-a'
aq: ' v1="(a)aqa"' => '01.244-01,-aq-a'
aqq: ' v1="(a)aqqa"' => '01.237-01,-aqq-a'
aR: ' v1="(a)aRa"' => '01.297-01,-aR-a;04.070-01,-aR-a'
at: ' v1="(a)ata"' => '01.033-01,-at-a'
ad: ' v1="(a)ada"' => '02.001-01,-ad-a'
an: ' v1="(a)ana"' => '02.077-01,-an-a;04.070-01p,-an-a'
andol: ' v1="(a)andola"' => 'mdp="NA"'
anD: ' v1="(a)anDa"' => '10.311-01,-anDa-;10.311-01p,-anDa-'
ab: ' v1="(a)aba"' => 'mdp="NA"'
aB: ' v1="(a)aBa"' => 'mdp="NA"'
aBr: ' v1="(a)aBra"' => '01.364-01,-aBr-a'
am: ' v1="(a)ama"' => '01.307-01,-am-a;10.163-01,-am-a'
amb: ' v1="(a)amba"' => '01.257-03,-ab-i'
ay: ' v1="(a)aya"' => '01.312-01,-ay-a;01.611-01p,-ay-a'
arc: ' v1="(a)arca"' => '01.123-01,-arc-a;10.202-01,-arc-a'
arj: ' v1="(a)arja"' => '01.137-01,-arj-a;10.168-01,-arj-a'
arT: ' v1="(a)arTa"' => '10.287-01,-arTa-'
ard: ' v1="(a)arda"' => '01.047-01,-ard-a;10.221-01,-ard-a'
arh: ' v1="(a)arha"' => '01.476-01,-arh-a;10.174-01,-arh-a'
al: ' v1="(a)ala"' => '01.336-01,-al-a'
av: ' v1="(a)ava"' => '01.384-01,-av-a'
aS: ' v1="(a)aSa"' => '05.019-01,-aS-U;09.056-01,-aS-a'
az: ' v1="(a)aza"' => '01.614-01p,-az-a'
as: ' v1="(a)asa"' => '01.614-01,-as-a;02.070-01,-as-a;04.108-01,-as-u'
ah: ' v1="(a)aha"' => '05.027-01,-ah-a;10.196-13,-ah-i'
Andol: ' v1="(a)Andola"' => 'mdp="NA"'
Ap: ' v1="(a)Apa"' => '05.015-01,-Ap-x;10.230-01,-Ap-x'
As: ' v1="(a)Asa"' => '02.014-01,-As-a'
i: '' => '02.048-01,-i-R;02.049-01,-i-N;02.050-01,-i-k'
iK: '' => '01.091-13,-iK-a;01.091-14,-iK-i'
ig: ' v1="(a)iga"' => 'mdp="NA"'
iw: ' v1="(a)iwa"' => '01.215-01,-iw-a'
id: ' v1="(a)ida"' => 'mdp="NA"'
inD: ' v1="(a)inDa"' => '07.014-01,Yi-inD-I'
il: ' v1="(a)ila"' => '06.064-01,-il-a;10.108-01,-il-a'
iz: ' v1="(a)iza"' => '04.018-01,-iz-a;06.058-01,-iz-a;09.058-01,-iz-a'
I: '' => '01.215-01p,-I-;02.051-01p,-I-;04.035-01,-I-N'
Ikz: ' v1="(a)Ikza"' => '01.394-01,-Ikz-a'
IK: ' v1="(a)IKa"' => '01.091-15,-IK-i'
Ij: ' v1="(a)Ija"' => '01.112-01,-Ij-a'
Iq: ' v1="(a)Iqa"' => '02.012-01,-Iq-a;10.114-01,-Iq-a'
It: ' v1="(a)Ita"' => 'mdp="NA"'
Ir: ' v1="(a)Ira"' => '02.011-01,-Ir-a;10.204-01,-Ir-a'
Irkzy: '' => '01.332-02,-Irkzy-a'
Irzy: ' v1="(a)Irzya"' => '01.332-03,-Irzy-a'
IS: ' v1="(a)ISa"' => '02.013-01,-IS-a'
Iz: ' v1="(a)Iza"' => '01.395-01,-Iz-a;01.446-01,-Iz-a'
Ih: ' v1="(a)Iha"' => '01.409-01,-Ih-a'
u: '' => '01.672-03,-u-N'
ukz: ' v1="(a)ukza"' => '01.427-01,-ukz-a'
uK: ' v1="(a)uKa"' => '01.091-02,-uK-i'
uc: ' v1="(a)uca"' => '04.122-01,-uc-a'
ucC: ' v1="(a)ucCa"' => 'mdp="NA"'
uDras: '' => '09.057-01p,-uDras-a;10.189-01,-uDras-a'
und: ' v1="(a)unda"' => '07.026-01,-und-I'
ubj: ' v1="(a)ubja"' => '06.023-01,-ubj-a'
ubj: ' v1="(a)ubja"' => '06.023-01,-ubj-a'
uB: ' v1="(a)uBa"' => '06.032-01,-uB-a;06.032-01,-uB-a'
umB: ' v1="(a)umBa"' => '06.032-02,-umB-a'
urd: ' v1="(a)urda"' => '01.019-01,-urd-a'
urvv: ' v1="(a)urvva"' => 'mdp="NA"'
uz: ' v1="(a)uza"' => '01.449-01,-uz-a'
uh: ' v1="(a)uha"' => '01.475-03,-uh-ir'
Uy: ' v1="(a)Uya"' => '01.315-01,-Uy-I'
Urj: ' v1="(a)Urja"' => '10.016-01,-Urj-a'
UrRu: '' => '02.036-01,-UrRu-Y'
Uz: ' v1="(a)Uza"' => '01.445-01,-Uz-a'
Uh: ' v1="(a)Uha"' => '01.419-01,-Uh-a;01.419-01,-Uh-a'
f: '' => '01.657-01,-f-;03.026-01,-f-'
fc: ' v1="(a)fca"' => '06.022-01,-fc-a'
fcC: ' v1="(a)fcCa"' => 'mdp="NA"'
fj: ' v1="(a)fja"' => '01.109-01,-fj-a'
fR: ' v1="(a)fRa"' => '08.005-01,-fR-u'
ft: ' v1="(a)fta"' => 'mdp="NA"'
fD: ' v1="(a)fDa"' => '04.139-01,-fD-u;05.025-01,-fD-u'
fP: ' v1="(a)fPa"' => '06.030-01,-fP-a'
fmP: ' v1="(a)fmPa"' => '06.030-02,-fmP-a'
fz: ' v1="(a)fza"' => '06.008-01,-fz-I;06.008-01,-fz-I'
F: '' => '09.028-01,-F-'
ej: ' v1="(a)eja"' => '01.111-01,-ej-f;01.146-01,-ej-f'
eW: ' v1="(a)eWa"' => '01.170-01,-eW-a'
eD: ' v1="(a)eDa"' => '01.003-01,-eD-a'
ez: ' v1="(a)eza"' => '01.399-01,-ez-f;01.400-03,-ez-f'
oK: ' v1="(a)oKa"' => '01.089-01,-oK-f'
oj: ' v1="(a)oja"' => 'mdp="NA"'
oR: ' v1="(a)oRa"' => '01.298-01,-oR-f'
olaq: ' v1="(a)olaqa"' => 'mdp="NA"'
kak: ' v1="(a)kaka"' => '01.074-01,-kak-a'
kakk: ' v1="(a)kakka"' => '01.074-01,-kak-a'
kakK: ' v1="(a)kakKa"' => '01.088-01,-kaK-a;01.518-01,-kaK-e'
kakK: ' v1="(a)kakKa"' => '01.088-01,-kaK-a;01.518-01,-kaK-e'
kaK: ' v1="(a)kaKa"' => '01.088-01,-kaK-a;01.518-01,-kaK-e'
kaK: ' v1="(a)kaKa"' => '01.088-01,-kaK-a;01.518-01,-kaK-e'
kag: ' v1="(a)kaga"' => '01.522-01,-kag-e'
kac: ' v1="(a)kaca"' => '01.103-01,-kac-a;01.104-01,-kac-i'
kaj: ' v1="(a)kaja"' => 'mdp="NA"'
kaw: ' v1="(a)kawa"' => '01.195-01,-kaw-e;01.215-03,-kaw-I'
kaW: ' v1="(a)kaWa"' => '01.225-02,-kaW-a;01.225-02p,-kaW-a'
kaq: ' v1="(a)kaqa"' => '01.185-01,-kaq-i;01.246-01,-kaq-a;01.246-01p,-kaq-i;06.085-01,-kaq-a;10.040-01p,-kaq-a'
kaqq: ' v1="(a)kaqqa"' => '01.238-01,-kaqq-a'
kaR: ' v1="(a)kaRa"' => '01.297-06,-kaR-a;01.524-01,-kaR-a;10.158-01,-kaR-a'
katT: ' v1="(a)katTa"' => '01.031-01,-katT-a'
katr: ' v1="(a)katra"' => '10.295-01,-katra-'
kaT: ' v1="(a)kaTa"' => '01.507-01p,-kaT-a;10.242-01,-kaTa-'
kad: ' v1="(a)kada"' => '01.060-01,-kad-i;01.507-01,-kad-i'
kan: ' v1="(a)kana"' => '01.304-01,-kan-I'
kap: ' v1="(a)kapa"' => 'mdp="NA"'
kab: ' v1="(a)kaba"' => '01.259-01,-kab-f'
kam: ' v1="(a)kama"' => '01.295-01,-kam-u'
kamb: ' v1="(a)kamba"' => 'mdp="NA"'
karj: ' v1="(a)karja"' => '01.140-01,-karj-a'
karR: ' v1="(a)karRa"' => '10.310-01p,-karRa-'
kartt: ' v1="(a)kartta"' => 'mdp="NA"'
kard: ' v1="(a)karda"' => '01.050-01,-kard-a'
karb: ' v1="(a)karba"' => '01.282-09,-karb-a'
karv: ' v1="(a)karva"' => '01.376-01,-karv-a'
kal: ' v1="(a)kala"' => '01.325-01,-kal-a;10.059-01,-kal-a;10.254-01,-kala-;10.059-01,-kal-a'
kall: ' v1="(a)kalla"' => '01.326-01,-kall-a'
kav: ' v1="(a)kava"' => 'mdp="NA"'
kaS: ' v1="(a)kaSa"' => '02.017-01p,-kaS-a'
kaz: ' v1="(a)kaza"' => '01.447-01,-kaz-a'
kas: ' v1="(a)kasa"' => '01.590-01,-kas-a;02.017-01,-kas-i;02.017-02p,-kas-a'
kAc: ' v1="(a)kAca"' => 'mdp="NA"'
kAS: ' v1="(a)kASa"' => '01.418-01,-kAS-f;04.054-01,-kAS-f'
kAs: ' v1="(a)kAsa"' => '01.402-01,-kAs-f'
ki: '' => '03.029-01,-ki-'
kiw: ' v1="(a)kiwa"' => '01.201-01,-kiw-a;01.215-02,-kiw-a'
kit: ' v1="(a)kita"' => '01.713-01,-kit-a'
kil: ' v1="(a)kila"' => '06.060-01,-kil-a;06.060-01p,-kil-a;10.059-01p,-kil-a'
kizk: ' v1="(a)kizka"' => '10.130-01p,-kizk-a'
kIw: ' v1="(a)kIwa"' => '10.091-01,-kIw-a'
kIl: ' v1="(a)kIla"' => '01.342-01,-kIl-a'
ku: '' => '01.672-01,-ku-N;02.042-01,-ku-;06.104-01,-ku-N'
kuk: ' v1="(a)kuka"' => '01.075-01,-kuk-a'
kuc: ' v1="(a)kuca"' => '01.115-01,-kuc-a;01.587-01,-kuc-a;06.074-01,-kuc-a'
kuj: ' v1="(a)kuja"' => '01.120-03,-kuj-u'
kuYc: ' v1="(a)kuYca"' => '01.116-01,-kuYc-a'
kuw: ' v1="(a)kuwa"' => '06.072-01,-kuw-a;10.145-01p,-kuw-a'
kuwumb: ' v1="(a)kuwumba"' => '10.125-01p,-kuwumb-a'
kuww: ' v1="(a)kuwwa"' => '10.023-01,-kuww-a;10.146-01,-kuww-a'
kuW: ' v1="(a)kuWa"' => 'mdp="NA"'
kuq: ' v1="(a)kuqa"' => '06.088-01,-kuq-a;06.092-01p,-kuq-a'
kuR: ' v1="(a)kuRa"' => '06.045-01,-kuR-a;10.133-01p,-kuR-a;10.278-03,-kuRa-'
kuts: ' v1="(a)kutsa"' => '10.141-01,-kuts-a'
kuT: ' v1="(a)kuTa"' => '01.038-01,-kuT-i;04.011-01,-kuT-a;09.048-01p,-kuT-a'
kud: ' v1="(a)kuda"' => 'mdp="NA"'
kunT: ' v1="(a)kunTa"' => '09.048-01,-kunT-a;09.048-02p,-kunT-a'
kup: ' v1="(a)kupa"' => '04.130-01,-kup-a;10.195-01,-kup-a'
kub: ' v1="(a)kuba"' => 'mdp="NA"'
kuB: ' v1="(a)kuBa"' => 'mdp="NA"'
kumAr: ' v1="(a)kumAra"' => '10.264-01,-kumAra-'
kur: ' v1="(a)kura"' => '06.050-01,-kur-a'
kurd: ' v1="(a)kurda"' => '01.020-01,-kurd-a;01.020-01p,-kurd-a'
kul: ' v1="(a)kula"' => '01.569-01,-kul-a'
kuS: ' v1="(a)kuSa"' => '04.117-01p,-kuS-a'
kuz: ' v1="(a)kuza"' => '09.052-01,-kuz-a'
kus: ' v1="(a)kusa"' => '04.117-01,-kus-a'
kusm: ' v1="(a)kusma"' => '10.155-01,-kusm-a'
kuh: ' v1="(a)kuha"' => '10.284-01,-kuha-'
kU: '' => 'mdp="NA"'
kUj: ' v1="(a)kUja"' => '01.136-01,-kUj-a'
kUw: ' v1="(a)kUwa"' => '10.145-01,-kUw-a;10.277-01,-kUwa-;10.277-01p,-kUwa-'
kUq: ' v1="(a)kUqa"' => 'mdp="NA"'
kUR: ' v1="(a)kURa"' => '10.133-01,-kUR-a'
kUp: ' v1="(a)kUpa"' => 'mdp="NA"'
kUrd: ' v1="(a)kUrda"' => 'mdp="NA"'
kUl: ' v1="(a)kUla"' => '01.343-01,-kUl-a'
kf: '' => '05.007-01,-kf-Y;08.012-01,qu-kf-Y'
kfq: ' v1="(a)kfqa"' => '06.087-01,-kfq-a;06.087-01p,-kfq-a'
kft: ' v1="(a)kfta"' => '06.144-01,-kft-I;07.012-01,-kft-I'
kfp: ' v1="(a)kfpa"' => '01.495-01,-kfp-U;10.257-02,-kfpa-'
kfS: ' v1="(a)kfSa"' => '04.125-01,-kfS-a'
kfz: ' v1="(a)kfza"' => '01.709-01,-kfz-a;06.006-01,-kfz-a'
kF: '' => '06.114-01,-kF-;09.014-01,-kF-Y;09.027-01,-kF-'
kFt: ' v1="(a)kFta"' => '10.102-01,-kFt-a'
kep: ' v1="(a)kepa"' => '01.253-01,-kep-f'
kel: ' v1="(a)kela"' => '01.352-03,-kel-f'
kev: ' v1="(a)keva"' => 'mdp="NA"'
kE: '' => '01.642-01,-kE-'
knaT: ' v1="(a)knaTa"' => 'mdp="NA"'
knas: ' v1="(a)knasa"' => '04.006-01,-knas-u'
knu: '' => 'mdp="NA"'
knU: '' => '09.009-01,-knU-Y'
knUy: ' v1="(a)knUya"' => '01.317-01,-knUy-I'
kmar: ' v1="(a)kmara"' => '01.363-01,-kmar-a'
kraT: ' v1="(a)kraTa"' => '01.526-02,-kraT-a;10.218-01p,-kraT-a'
krad: ' v1="(a)krada"' => '01.507-02p,-krad-a'
krand: ' v1="(a)kranda"' => '01.060-02,-krad-i;01.507-02,-krad-i;01.507-03p,-krad-i;10.170-01,-krand-a'
krap: ' v1="(a)krapa"' => '01.506-01,-krap-a'
kram: ' v1="(a)krama"' => '01.310-01,-kram-u'
krI: '' => '09.001-01,qu-krI-Y'
krIq: ' v1="(a)krIqa"' => '01.239-01,-krIq-f'
kruYc: ' v1="(a)kruYca"' => '01.116-02,-kruYc-a'
kruq: ' v1="(a)kruqa"' => '06.094-01p,-kruq-a'
kruD: ' v1="(a)kruDa"' => '04.085-01,-kruD-a'
kruS: ' v1="(a)kruSa"' => '01.585-01,-kruS-a'
klaT: ' v1="(a)klaTa"' => '01.526-03,-klaT-a'
klad: ' v1="(a)klada"' => 'mdp="NA"'
klam: ' v1="(a)klama"' => '04.105-01,-klam-u'
klav: ' v1="(a)klava"' => 'mdp="NA"'
klid: ' v1="(a)klida"' => '04.136-01,-klid-U'
kliS: ' v1="(a)kliSa"' => '04.053-01,-kliS-a;09.055-01,-kliS-U'
klIb: ' v1="(a)klIba"' => '01.260-01,-klIb-f'
kleS: ' v1="(a)kleSa"' => '01.391-01,-kleS-a;01.391-01p,-kleS-a;01.391-02p,-kleS-a'
kvaR: ' v1="(a)kvaRa"' => '01.297-07,-kvaR-a'
kvaT: ' v1="(a)kvaTa"' => '01.572-01,-kvaT-e'
kzaj: ' v1="(a)kzaja"' => '01.504-01,-kzaj-i;01.504-01p,-kzaj-a;10.073-01,-kzaj-i'
kzaR: ' v1="(a)kzaRa"' => '08.003-01,-kzaR-u'
kzad: ' v1="(a)kzada"' => 'mdp="NA"'
kzap: ' v1="(a)kzapa"' => '10.326-01,-kzapa-;10.326-01,-kzapa-'
kzam: ' v1="(a)kzama"' => '01.294-01,-kzam-Uz;04.104-01,-kzam-U;04.104-01p,-kzam-Uz'
kzar: ' v1="(a)kzara"' => '01.577-01,-kzar-a'
kzal: ' v1="(a)kzala"' => '01.577-01p,-kzal-a;10.052-01,-kzal-a'
kzi: '' => '01.148-01,-kzi-;05.030-02,-kzi-;06.111-01,-kzi-'
kziR: ' v1="(a)kziRa"' => '08.004-01,-kziR-u'
kzip: ' v1="(a)kzipa"' => '04.014-01,-kzip-a;06.005-01,-kzip-a'
kziv: ' v1="(a)kziva"' => 'mdp="NA"'
kzI: '' => '09.039-01,-kzI-z'
kzIj: ' v1="(a)kzIja"' => '01.149-01,-kzIj-a'
kzIv: ' v1="(a)kzIva"' => '01.369-01,-kzIv-u'
kzIv: ' v1="(a)kzIva"' => '01.369-01,-kzIv-u'
kzu: '' => '02.031-01,wu-kzu-'
kzud: ' v1="(a)kzuda"' => '07.006-01,-kzud-ir'
kzuD: ' v1="(a)kzuDa"' => '04.086-01,-kzuD-a'
kzuB: ' v1="(a)kzuBa"' => '01.486-01,-kzuB-a;04.134-01,-kzuB-a;09.053-01,-kzuB-a'
kzur: ' v1="(a)kzura"' => '06.053-01,-kzur-a'
kzev: ' v1="(a)kzeva"' => '01.369-01p,-kzev-u'
kzE: '' => '01.641-01,-kzE-'
kzRu: '' => '02.032-01,-kzRu-'
kzmAy: ' v1="(a)kzmAya"' => '01.318-01,-kzmAy-I'
kzmIl: ' v1="(a)kzmIla"' => '01.338-04,-kzmIl-a'
kzvid: ' v1="(a)kzvida"' => '01.481-01p,Yi-kzvid-A;01.698-01,Yi-kzvid-A;04.138-01,Yi-kzvid-A'
kzvel: ' v1="(a)kzvela"' => '01.352-05,-kzvel-f'
Kac: ' v1="(a)Kaca"' => '09.063-01,-Kac-a'
Kaj: ' v1="(a)Kaja"' => '01.144-01,-Kaj-a'
Kaw: ' v1="(a)Kawa"' => '01.206-01,-Kaw-a'
Kaww: ' v1="(a)Kawwa"' => '10.085-01,-Kaww-a'
Kaq: ' v1="(a)Kaqa"' => '10.040-01,-Kaq-a;10.040-02,-Kaq-i'
Kad: ' v1="(a)Kada"' => '01.042-01,-Kad-a'
Kan: ' v1="(a)Kana"' => '01.607-01,-Kan-u'
Kamb: ' v1="(a)Kamba"' => 'mdp="NA"'
Karj: ' v1="(a)Karja"' => '01.141-01,-Karj-a'
Kard: ' v1="(a)Karda"' => '01.051-01,-Kard-a'
Karb: ' v1="(a)Karba"' => '01.282-10,-Karb-a'
Kal: ' v1="(a)Kala"' => '01.355-01,-Kal-a'
Kav: ' v1="(a)Kava"' => '09.063-01p,-Kav-a'
Kaz: ' v1="(a)Kaza"' => '01.447-02,-Kaz-a'
KAd: ' v1="(a)KAda"' => '01.041-01,-KAd-f'
Kiw: ' v1="(a)Kiwa"' => '01.201-02,-Kiw-a'
Kid: ' v1="(a)Kida"' => '04.065-01,-Kid-a;06.146-01,-Kid-a;07.016-01,-Kid-a'
Ku: '' => 'mdp="NA"'
Kuj: ' v1="(a)Kuja"' => '01.120-04,-Kuj-u'
Kuq: ' v1="(a)Kuqa"' => 'mdp="NA"'
Kur: ' v1="(a)Kura"' => '06.051-01,-Kur-a'
Kurd: ' v1="(a)Kurda"' => '01.020-02,-Kurd-a;01.020-02p,-Kurd-a'
Kew: ' v1="(a)Kewa"' => '10.261-01,-Kewa-'
Keq: ' v1="(a)Keqa"' => '10.261-01p,-Keqa-'
Kel: ' v1="(a)Kela"' => '01.352-04,-Kel-f;01.353-01p,-Kel-f'
Kev: ' v1="(a)Keva"' => '01.328-04p,-Kev-f'
KE: '' => '01.640-01,-KE-'
Kow: ' v1="(a)Kowa"' => '10.261-02p,-Kowa-'
Koq: ' v1="(a)Koqa"' => 'mdp="NA"'
Kor: ' v1="(a)Kora"' => '01.360-02,-Kor-f'
Kol: ' v1="(a)Kola"' => '01.360-01,-Kol-f'
KyA: '' => '02.063-01,-KyA-'
gaj: ' v1="(a)gaja"' => '01.155-01,-gaj-a;01.155-02,-gaj-i;01.156-01,-gaj-a;10.098-01,-gaj-a'
gaq: ' v1="(a)gaqa"' => '01.512-01,-gaq-a'
gaR: ' v1="(a)gaRa"' => '10.245-01,-gaRa-'
gad: ' v1="(a)gada"' => '01.044-01,-gad-a;10.249-01,-gada-'
ganD: ' v1="(a)ganDa"' => '10.129-02,-ganD-a'
gam: ' v1="(a)gama"' => '01.702-01,-gam-x'
gamb: ' v1="(a)gamba"' => 'mdp="NA"'
garj: ' v1="(a)garja"' => '01.138-01,-garj-a;10.111-01p,-garj-a'
gard: ' v1="(a)garda"' => '01.048-02,-gard-a;10.111-02p,-gard-a'
garh: ' v1="(a)garha"' => '01.412-01,-garh-a;10.236-01,-garh-a;10.236-01p,-garh-a'
gal: ' v1="(a)gala"' => '01.356-01,-gal-a;10.143-01,-gal-a'
galB: ' v1="(a)galBa"' => '01.269-01,-galB-a'
gavez: ' v1="(a)gaveza"' => '10.270-01,-gaveza-'
gah: ' v1="(a)gaha"' => 'mdp="NA"'
gA: '' => '01.671-01,-gA-N;03.036-01,-gA-'
gAD: ' v1="(a)gADa"' => '01.005-01,-gAD-f'
gAh: ' v1="(a)gAha"' => '01.420-01,-gAh-U'
gu: '' => '01.670-01,-gu-N;06.101-01,-gu-;01.670-01,-gu-N'
guj: ' v1="(a)guja"' => '01.122-01,-guj-i;01.122-01p,-guj-a;06.075-01,-guj-a'
guW: ' v1="(a)guWa"' => 'mdp="NA"'
guq: ' v1="(a)guqa"' => '06.076-01,-guq-a'
gud: ' v1="(a)guda"' => '01.020-04,-gud-a'
guD: ' v1="(a)guDa"' => '04.013-01,-guD-a;09.051-01,-guD-a'
gup: ' v1="(a)gupa"' => '01.273-01,-gup-U;01.688-01,-gup-a;01.688-01p,-gup-a;04.131-01,-gup-a;10.195-04,-gup-a'
guP: ' v1="(a)guPa"' => '06.031-01,-guP-a'
gumP: ' v1="(a)gumPa"' => '06.031-02,-gumP-a'
gur: ' v1="(a)gura"' => '06.096-01,-gur-I;10.139-01p,-gur-a'
gurd: ' v1="(a)gurda"' => '01.020-03,-gurd-a;01.020-03p,-gurd-a;10.112-01,-gurd-a'
gurv: ' v1="(a)gurva"' => '01.371-01,-gurv-I'
guh: ' v1="(a)guha"' => '01.623-01,-guh-U'
gUr: ' v1="(a)gUra"' => '04.047-02,-gUr-I;10.139-01,-gUr-a'
gUrd: ' v1="(a)gUrda"' => 'mdp="NA"'
gf: '' => '01.658-01,-gf-;10.151-01,-gf-'
gfj: ' v1="(a)gfja"' => '01.155-03,-gfj-a;01.155-04,-gfj-i'
gfD: ' v1="(a)gfDa"' => '10.111-03p,-garD-a;04.140-01,-gfD-u'
gF: '' => '06.115-01,-gF-;09.029-01,-gF-'
gep: ' v1="(a)gepa"' => '01.253-02,-gep-f'
gev: ' v1="(a)geva"' => '01.328-02,-gev-f'
gez: ' v1="(a)geza"' => '01.398-01,-gez-f'
gE: '' => '01.642-02,-gE-'
graT: ' v1="(a)graTa"' => '01.030-01,-graT-i'
granT: ' v1="(a)granTa"' => '09.047-01,-granT-a;10.218-01,-granT-a;10.229-02,-granT-a'
gras: ' v1="(a)grasa"' => '01.408-01,-gras-u;10.192-01,-gras-a'
grah: ' v1="(a)graha"' => '09.065-01,-grah-a'
gruc: ' v1="(a)gruca"' => '01.120-01,-gruc-u'
glas: ' v1="(a)glasa"' => '01.408-02,-glas-u'
glah: ' v1="(a)glaha"' => '01.421-02p,-glah-U'
gluc: ' v1="(a)gluca"' => '01.120-02,-gluc-u'
gluYc: ' v1="(a)gluYca"' => '01.121-01,-gluYc-u'
glep: ' v1="(a)glepa"' => '01.251-01,-glep-f;01.253-03,-glep-f'
glev: ' v1="(a)gleva"' => '01.328-03,-glev-f'
glez: ' v1="(a)gleza"' => '01.398-01p,-glez-f'
glE: '' => '01.633-01,-glE-'
GagG: ' v1="(a)GagGa"' => 'mdp="NA"'
GaG: ' v1="(a)GaGa"' => '01.094-01,-GaG-a'
Gaw: ' v1="(a)Gawa"' => '01.498-01,-Gaw-a;10.165-01,-Gaw-a;10.195-05,-Gaw-a'
Gaww: ' v1="(a)Gawwa"' => '01.163-01,-Gaww-a;10.083-01,-Gaww-a'
GaR: ' v1="(a)GaRa"' => 'mdp="NA"'
Gamb: ' v1="(a)Gamba"' => 'mdp="NA"'
Garb: ' v1="(a)Garba"' => 'mdp="NA"'
Gas: ' v1="(a)Gasa"' => '01.422-02p,-Gas-a;01.459-01,-Gas-x'
Gu: '' => '01.672-02,-Gu-N'
Guw: ' v1="(a)Guwa"' => '01.483-01,-Guw-a;06.090-01,-Guw-a'
GuR: ' v1="(a)GuRa"' => '01.290-01,-GuR-a;06.048-01,-GuR-a'
Gur: ' v1="(a)Gura"' => '06.054-01,-Gur-a'
Gur: ' v1="(a)Gura"' => '06.054-01,-Gur-a'
Guz: ' v1="(a)Guza"' => '01.422-01,-Guz-i;01.424-01,-Guz-ir;01.424-01p,-Guz-ir;01.424-02p,-Guz-f;10.169-01,-Guz-ir;10.169-01p,-Guz-ir'
GUr: ' v1="(a)GUra"' => '04.048-01,-GUr-I'
GUrR: ' v1="(a)GUrRa"' => '01.290-02,-GUrR-a;06.048-02,-GUrR-a'
Gf: '' => '01.658-02,-Gf-;03.024-01,-Gf-;03.024-01,-Gf-;10.099-01,-Gf-'
GfR: ' v1="(a)GfRa"' => '08.007-01,-GfR-u'
Gfz: ' v1="(a)Gfza"' => '01.455-01,-Gfz-u'
GrA: '' => '01.648-01,-GrA-'
Nu: '' => '01.672-04,-Nu-N'
cak: ' v1="(a)caka"' => '01.076-01,-cak-a;01.076-01p,-cak-a;01.517-01,-cak-a;01.517-01p,-cak-a'
cakAs: ' v1="(a)cakAsa"' => '02.081-01,-cakAs-f'
cakk: ' v1="(a)cakka"' => '10.051-01,-cakk-a'
cakz: ' v1="(a)cakza"' => '02.009-01,-cakz-iN'
caG: ' v1="(a)caGa"' => 'mdp="NA"'
caYc: ' v1="(a)caYca"' => '01.119-02,-caYc-u'
caw: ' v1="(a)cawa"' => '01.195-01p,-caw-e;10.164-01,-caw-a'
caq: ' v1="(a)caqa"' => 'mdp="NA"'
caR: ' v1="(a)caRa"' => '01.525-01,-caR-a'
cat: ' v1="(a)cata"' => '01.598-01,-cat-e'
cad: ' v1="(a)cada"' => '01.598-02,-cad-e'
can: ' v1="(a)cana"' => '01.527-01,-can-a;10.231-01p,-can-a'
cap: ' v1="(a)capa"' => '01.277-01,-cap-a;10.078-01p,-cap-a'
cam: ' v1="(a)cama"' => '01.309-01,-cam-u;05.029-01,-cam-u'
camp: ' v1="(a)campa"' => '10.071-01,-cap-i'
camb: ' v1="(a)camba"' => 'mdp="NA"'
cay: ' v1="(a)caya"' => '01.312-05,-cay-a'
car: ' v1="(a)cara"' => '01.364-04,-car-a;10.180-01,-car-a'
car: ' v1="(a)cara"' => '01.364-04,-car-a;10.180-01,-car-a'
carG: ' v1="(a)carGa"' => 'mdp="NA"'
carc: ' v1="(a)carca"' => '01.460-02,-carc-a;06.020-02,-carc-a;10.156-01,-carc-a'
carcc: ' v1="(a)carcca"' => 'mdp="NA"'
carb: ' v1="(a)carba"' => '01.282-14,-carb-a'
carv: ' v1="(a)carva"' => '01.374-01,-carv-a'
cal: ' v1="(a)cala"' => '01.536-01,-cal-;01.560-01,-cal-a;06.063-01,-cal-a;10.062-01,-cal-a'
caz: ' v1="(a)caza"' => '01.617-01,-caz-a'
cah: ' v1="(a)caha"' => '01.469-01,-cah-a;10.078-01,-cah-a;10.255-01,-caha-'
cAy: ' v1="(a)cAya"' => '01.609-01,-cAy-f'
ci: '' => '05.005-01,-ci-Y;10.081-01,-ci-Y;05.005-01,-ci-Y;05.005-01,-ci-Y'
cikk: ' v1="(a)cikka"' => 'mdp="NA"'
ciw: ' v1="(a)ciwa"' => '01.212-01,-ciw-a'
cit: ' v1="(a)cita"' => '01.034-01,-cit-I;10.121-01,-cit-a'
ciri: '' => '05.030-03,-ciri-'
cil: ' v1="(a)cila"' => '06.062-01,-cil-a'
cill: ' v1="(a)cilla"' => '01.351-01,-cill-a'
cIk: ' v1="(a)cIka"' => '10.220-01,-cIk-a'
cIB: ' v1="(a)cIBa"' => '01.263-01,-cIB-f'
cIv: ' v1="(a)cIva"' => '01.608-01,-cIv-f;10.195-07,-cIv-a'
cukk: ' v1="(a)cukka"' => '10.051-02,-cukk-a'
cucy: ' v1="(a)cucya"' => '01.334-01p,-cucy-a'
cuww: ' v1="(a)cuwwa"' => '10.024-02,-cuww-a'
cuww: ' v1="(a)cuwwa"' => '10.024-02,-cuww-a'
cuq: ' v1="(a)cuqa"' => '01.219-01,-cuq-i;06.094-02,-cuq-a'
cuR: ' v1="(a)cuRa"' => 'mdp="NA"'
cut: ' v1="(a)cuta"' => '01.036-01p,-cut-ir'
cud: ' v1="(a)cuda"' => '10.049-01,-cud-a'
cup: ' v1="(a)cupa"' => '01.280-01,-cup-a'
cub: ' v1="(a)cuba"' => 'mdp="NA"'
cur: ' v1="(a)cura"' => '10.001-01,-cur-a'
cul: ' v1="(a)cula"' => '10.057-01,-cul-a'
culump: ' v1="(a)culumpa"' => 'mdp="NA"'
cUR: ' v1="(a)cURa"' => 'mdp="NA"'
cUrR: ' v1="(a)cUrRa"' => '10.018-02,-cUrR-a;10.092-01,-cUrR-a'
cUz: ' v1="(a)cUza"' => '01.437-01,-cUz-a'
cft: ' v1="(a)cfta"' => '06.035-01,-cft-I'
cfp: ' v1="(a)cfpa"' => '10.213-01p,-cfp-a'
cel: ' v1="(a)cela"' => '01.352-02,-cel-f'
cezw: ' v1="(a)cezwa"' => '01.161-01,-cezw-a'
cyu: '' => '01.673-01,-cyu-N;10.181-01,-cyu-'
cyut: ' v1="(a)cyuta"' => '01.035-01,-cyut-ir'
cyus: ' v1="(a)cyusa"' => 'mdp="NA"'
Cad: ' v1="(a)Cada"' => '01.537-01,-Cad-;01.598-01p,-Cad-e;10.037-01,-Cad-i;10.225-01,-Cad-a;10.319-01p,-Cada-'
Cap: ' v1="(a)Capa"' => 'mdp="NA"'
Cam: ' v1="(a)Cama"' => '01.309-02,-Cam-u'
Cid: ' v1="(a)Cida"' => '07.003-01,-Cid-ir;10.319-01,-Ceda-'
Cuw: ' v1="(a)Cuwa"' => '06.083-02,-Cuw-a'
Cuq: ' v1="(a)Cuqa"' => '06.092-03p,-Cuq-a'
Cup: ' v1="(a)Cupa"' => '06.126-01,-Cup-a'
Cur: ' v1="(a)Cura"' => '06.078-01,-Cur-a'
Cfd: '' => '07.009-01,u-Cfd-ir;10.213-01,-Cfd-I;10.213-02p,-Cfd-a'
Cfp: '' => '10.213-03p,-Cfp-a'
Co: '' => '04.039-01,-Co-'
Cyu: '' => 'mdp="NA"'
jakz: ' v1="(a)jakza"' => '02.078a-01,-jakz-a'
jaj: ' v1="(a)jaja"' => '01.152-01,-jaj-a;01.152-02,-jaj-i'
jaw: ' v1="(a)jawa"' => '01.203-01,-jaw-a'
jan: ' v1="(a)jana"' => '03.034-01,-jan-a;04.043-01,-jan-I'
jap: ' v1="(a)japa"' => '01.275-02,-jap-a;01.276-01,-jap-a'
jaB: '' => '01.266-01,-jaB-i;01.266-01p,-jaB-I;10.159-01,-jaB-i;10.159-01p,-jaB-a'
jam: ' v1="(a)jama"' => '01.309-03,-jam-u'
jarcC: ' v1="(a)jarcCa"' => 'mdp="NA"'
jarj: ' v1="(a)jarja"' => '01.460-01,-jarj-a;06.020-01,-jarj-a'
jarj: ' v1="(a)jarja"' => '01.460-01,-jarj-a;06.020-01,-jarj-a'
jarts: ' v1="(a)jartsa"' => 'mdp="NA"'
jal: ' v1="(a)jala"' => '01.561-01,-jal-a;10.010-01,-jal-a'
jalp: ' v1="(a)jalpa"' => '01.275-01,-jalp-a'
jaz: ' v1="(a)jaza"' => '01.447-04,-jaz-a'
jas: ' v1="(a)jasa"' => '04.110-01,-jas-u;10.115-01,-jas-u;10.161-01,-jas-u'
jAgf: '' => '02.079-01,-jAgf-'
ji: '' => '01.366-01,-ji-;01.665-01,-ji-'
jim: ' v1="(a)jima"' => '01.309-01p,-jim-i'
jiri: '' => '05.030-04,-jir-i'
jiz: ' v1="(a)jiza"' => '01.450-01,-jiz-u'
jIv: ' v1="(a)jIva"' => '01.367-01,-jIv-a'
jug: ' v1="(a)juga"' => 'mdp="NA"'
juq: ' v1="(a)juqa"' => '06.037-01,-juq-a;06.084-01,-juq-a;10.097-01,-juq-a'
jut: ' v1="(a)juta"' => '01.027-02,-jut-f'
jun: ' v1="(a)juna"' => '06.037-01p,-jun-a'
jul: ' v1="(a)jula"' => 'mdp="NA"'
juz: ' v1="(a)juza"' => '06.010-01,-juz-I;10.226-01,-juz-a'
jUr: ' v1="(a)jUra"' => '04.048-02,-jUr-I;04.048-02,-jUr-I'
jUz: ' v1="(a)jUza"' => '01.443-01,-jUz-a'
jf: '' => '01.665-01p,-jf-'
jfB: ' v1="(a)jfBa"' => 'mdp="NA"'
jF: '' => '04.020-01,-jF-z;09.025-01,-jF-;10.208-01,-jF-'
jez: ' v1="(a)jeza"' => '01.400-01,-jez-f'
jeh: ' v1="(a)jeha"' => '01.416-02,-jeh-f'
jE: '' => '01.641-02,-jE-'
jYA: '' => '01.535-01,-jYA-;09.040-01,-jYA-;10.175-01,-jYA-'
jyA: '' => '10.076-01,-jYap-a;09.031-01,-jyA-'
jyu: '' => '01.673-02,-jyu-N'
jyut: ' v1="(a)jyuta"' => 'mdp="NA"'
jyo: '' => 'mdp="NA"'
jri: '' => '01.665-02,-jri-;10.208-01p,-jri-'
jvar: ' v1="(a)jvara"' => '01.511-01,-jvar-a'
jval: ' v1="(a)jvala"' => '01.529-01,-jval-a;01.559-01,-jval-a'
Jaw: ' v1="(a)Jawa"' => '01.203-02,-Jaw-a'
Jam: ' v1="(a)Jama"' => '01.309-04,-Jam-u'
Jarc: ' v1="(a)Jarca"' => 'mdp="NA"'
JarC: ' v1="(a)JarCa"' => 'mdp="NA"'
Jaz: ' v1="(a)Jaza"' => '01.447-05,-Jaz-a;01.619-01,-Jaz-a'
Ju: '' => 'mdp="NA"'
JUz: ' v1="(a)JUza"' => 'mdp="NA"'
JF: '' => '04.020-02,-JF-z'
Jyu: '' => 'mdp="NA"'
wak: ' v1="(a)waka"' => 'mdp="NA"'
wal: ' v1="(a)wala"' => '01.562-01,-wal-a'
wik: ' v1="(a)wika"' => '01.077-10,-wik-f'
wip: ' v1="(a)wipa"' => 'mdp="NA"'
wIk: ' v1="(a)wIka"' => '01.077-11,-wIk-f'
wOk: ' v1="(a)wOka"' => 'mdp="NA"'
wval: ' v1="(a)wvala"' => '01.562-02,-wval-a'
qap: ' v1="(a)qapa"' => '10.124-01,-qap-a'
qab: ' v1="(a)qaba"' => 'mdp="NA"'
qaB: ' v1="(a)qaBa"' => 'mdp="NA"'
qip: ' v1="(a)qipa"' => '04.129-01,-qip-a;06.077-01,-qip-a;10.118-01,-qip-a;10.124-02,-qip-a'
qI: '' => '01.684-01,-qI-N;04.026-01,-qI-N'
QOk: ' v1="(a)QOka"' => '01.077-05,-QOk-f'
tak: ' v1="(a)taka"' => '01.085-01,-tak-a'
takz: ' v1="(a)takza"' => '01.426-01,-takz-U;01.433-01,-takz-a'
tag: ' v1="(a)taga"' => 'mdp="NA"'
taYc: ' v1="(a)taYca"' => '01.119-03,-taYc-u;07.028-01,-taYc-U'
taYj: ' v1="(a)taYja"' => '07.028-01p,-taYj-U'
taw: ' v1="(a)tawa"' => '01.205-01,-taw-a'
taq: ' v1="(a)taqa"' => '10.039-01,-taq-a'
tad: ' v1="(a)tada"' => 'mdp="NA"'
tan: ' v1="(a)tana"' => '08.001-01,-tan-u;10.231-01,-tan-u'
tap: ' v1="(a)tapa"' => '01.704-01,-tap-a;04.051-01,-tap-a;10.211-01,-tap-a'
tam: ' v1="(a)tama"' => '04.100-01,-tam-u'
tamb: ' v1="(a)tamba"' => 'mdp="NA"'
tay: ' v1="(a)taya"' => '01.312-01p,-tay-a;01.312-06,-tay-a'
tark: ' v1="(a)tarka"' => '10.195-08,-tark-a'
tarj: ' v1="(a)tarja"' => '01.139-01,-tarj-a;10.128-01,-tarj-a'
tard: ' v1="(a)tarda"' => '01.049-01,-tard-a'
tarb: ' v1="(a)tarba"' => 'mdp="NA"'
tal: ' v1="(a)tala"' => '10.053-01,-tal-a'
tas: ' v1="(a)tasa"' => '04.111-01,-tas-u'
tAy: ' v1="(a)tAya"' => '01.320-01,-tAy-f'
tik: ' v1="(a)tika"' => '01.077-01p,-tik-f;05.022a-01,-tik-a'
tig: ' v1="(a)tiga"' => '05.022a-02,-tig-a'
tiG: ' v1="(a)tiGa"' => 'mdp="NA"'
tij: ' v1="(a)tija"' => '01.689-01,-tij-a;10.101-01,-tij-a'
tip: ' v1="(a)tipa"' => '01.249-01,-tip-f'
tim: ' v1="(a)tima"' => '04.016-01,-tim-a'
til: ' v1="(a)tila"' => '06.061-01,-til-a;10.061-01,-til-a'
till: ' v1="(a)tilla"' => '01.351-01p,-till-a'
tIk: ' v1="(a)tIka"' => '01.077-02p,-tIk-f'
tIm: ' v1="(a)tIma"' => 'mdp="NA"'
tIv: ' v1="(a)tIva"' => '01.368-03,-tIv-a'
tu: '' => '02.029-01p,-tu-'
tuj: ' v1="(a)tuja"' => '01.153-01,-tuj-a;01.153-01p,-tuj-i;01.154-01,-tuj-i;10.028-01,-tuj-i;10.028-01p,-tuj-a;10.195-09,-tuj-i'
tuw: ' v1="(a)tuwa"' => '06.082-01,-tuw-a'
tuq: ' v1="(a)tuqa"' => '01.179-01,-tuq-i;01.240-01,-tuq-f;06.091-01,-tuq-a;10.107-01p,-tuq-i'
tuqq: ' v1="(a)tuqqa"' => 'mdp="NA"'
tuR: ' v1="(a)tuRa"' => '06.042-01,-tuR-a'
tud: ' v1="(a)tuda"' => '06.001-01,-tud-a'
tup: ' v1="(a)tupa"' => '01.281-01,-tup-a;06.028-01,-tup-a'
tuP: ' v1="(a)tuPa"' => '01.281-05,-tuP-a;06.028-02,-tuP-a'
tub: ' v1="(a)tuba"' => 'mdp="NA"'
tuB: ' v1="(a)tuBa"' => '01.487-02,-tuB-a;04.135-02,-tuB-a;09.054-02,-tuB-a'
tump: ' v1="(a)tumpa"' => '01.281-02,-tump-a;06.028-03,-tump-a'
tumP: ' v1="(a)tumPa"' => '01.281-06,-tumP-a;06.028-04,-tumP-a'
tur: ' v1="(a)tura"' => '03.031-01,-tur-a;04.046-01,-tUr-I'
turv: ' v1="(a)turva"' => '01.370-02,-turv-I'
tul: ' v1="(a)tula"' => '10.054-01,-tul-a'
tuz: ' v1="(a)tuza"' => '04.080-01,-tuz-a'
tus: ' v1="(a)tusa"' => '01.457-01,-tus-a'
tuh: ' v1="(a)tuha"' => '01.475-01,-tuh-ir'
tUR: ' v1="(a)tURa"' => '10.134-01,-tUR-a'
tUl: ' v1="(a)tUla"' => '01.345-01,-tUl-a'
tUz: ' v1="(a)tUza"' => '01.438-01,-tUz-a'
tfkz: ' v1="(a)tfkza"' => '01.430-01,-tfkz-a'
tfR: ' v1="(a)tfRa"' => '08.006-01,-tfR-u'
tfd: ' v1="(a)tfda"' => '07.010-01,u-tfd-ir'
tfp: ' v1="(a)tfpa"' => '04.092-01,-tfp-a;06.027-01,-tfp-a;10.212-01,-tfp-a;10.212-01p,-tfp-a;10.213-04p,-tfp-a'
tfP: ' v1="(a)tfPa"' => '06.027-01p,-tfP-a'
tfmp: ' v1="(a)tfmpa"' => 'mdp="NA"'
tfmP: ' v1="(a)tfmPa"' => '06.027-02,-tfmP-a'
tfz: ' v1="(a)tfza"' => '04.126-01,Yi-tfz-a'
tfh: ' v1="(a)tfha"' => '06.057-01,-tfMh-U;06.057-02,-tfh-U;07.024-01,-tfh-a'
tF: '' => '01.686-01,-tF-'
tej: ' v1="(a)teja"' => '01.143-01,-tej-a'
tep: ' v1="(a)tepa"' => '01.249-02,-tep-f;01.250-01,-tep-f'
tev: ' v1="(a)teva"' => '01.327-01,-tev-f'
toq: ' v1="(a)toqa"' => 'mdp="NA"'
tyaj: ' v1="(a)tyaja"' => '01.705-01,-tyaj-a'
trak: ' v1="(a)traka"' => 'mdp="NA"'
traK: ' v1="(a)traKa"' => '01.091-01p,-traK-a'
trag: ' v1="(a)traga"' => 'mdp="NA"'
trad: ' v1="(a)trada"' => 'mdp="NA"'
trap: ' v1="(a)trapa"' => '01.255-01,-trap-Uz;01.540-01p,-trap-i'
tras: ' v1="(a)trasa"' => '04.010-01,-tras-I;10.188-01,-tras-a'
truw: ' v1="(a)truwa"' => '06.081-01,-truw-a;10.142-01,-truw-a'
trup: ' v1="(a)trupa"' => '01.281-03,-trup-a'
trOk: ' v1="(a)trOka"' => '01.077-06,-trOk-f'
tvakz: ' v1="(a)tvakza"' => '01.426-02,-tvakz-U'
tvag: ' v1="(a)tvaga"' => 'mdp="NA"'
tvac: ' v1="(a)tvaca"' => '06.021-01,-tvac-a'
tvaYc: ' v1="(a)tvaYca"' => '01.119-04,-tvaYc-u'
tvar: ' v1="(a)tvara"' => '01.508-01,Yi-tvar-A'
tviz: ' v1="(a)tviza"' => '01.723-01,-tviz-a;01.723-01p,-tviz-A'
tsar: ' v1="(a)tsara"' => '01.362-01,-tsar-a'
Tuq: ' v1="(a)Tuqa"' => '06.092-01,-Tuq-a'
Turv: ' v1="(a)Turva"' => '01.370-03,-Turv-I'
daMS: ' v1="(a)daMSa"' => '01.708-01,-daMS-a;10.122-01,-daS-i;10.195-11,-daS-i'
dakz: ' v1="(a)dakza"' => '01.392-01,-dakz-a;01.505-01,-dakz-a'
daG: ' v1="(a)daGa"' => '05.028-01,-daG-a'
dad: ' v1="(a)dada"' => '01.017-01,-dad-a'
daD: ' v1="(a)daDa"' => '01.008-01,-daD-a'
daB: ' v1="(a)daBa"' => 'mdp="NA"'
daB: ' v1="(a)daBa"' => 'mdp="NA"'
damB: ' v1="(a)damBa"' => '05.024-01,-damB-u'
day: ' v1="(a)daya"' => '01.313-01,-day-a'
dal: ' v1="(a)dala"' => '01.358-01,-dal-a;01.540-02p,-dal-i;10.194-01,-dal-a'
das: ' v1="(a)dasa"' => '04.112-01,-das-u;10.272-01p,-dasa-;10.123-01p,-das-a'
dah: ' v1="(a)daha"' => '01.710-01,-dah-a'
dA: '' => '01.652-01,-dA-R;02.062-01,-dA-p;01.652-01,-dA-R;03.015-01,qu-dA-Y'
dAn: ' v1="(a)dAna"' => '01.715-01,-dAn-a'
dAy: ' v1="(a)dAya"' => 'mdp="NA"'
dAS: ' v1="(a)dASa"' => '01.611-01,-dAS-f;05.030-05,-dAS-a'
dAs: ' v1="(a)dAsa"' => '01.621-01,-dAs-f'
diB: ' v1="(a)diBa"' => 'mdp="NA"'
dimp: ' v1="(a)dimpa"' => 'mdp="NA"'
dimB: ' v1="(a)dimBa"' => 'mdp="NA"'
div: ' v1="(a)diva"' => '04.001-01,-div-u;10.150-01,-div-u;10.167-01,-div-u'
diS: ' v1="(a)diSa"' => '06.003-01,-diS-a'
dih: ' v1="(a)diha"' => '02.006-01,-dih-a'
dI: '' => '04.025-01,-dI-N;04.025-01,-dI-N;04.025-01,-dI-N'
dIkz: ' v1="(a)dIkza"' => '01.393-01,-dIkz-a'
dIDI: '' => '02.084-01,-dIDI-N;02.084-01,-dIDI-N'
du: '' => '01.664-01,-du-;05.011-01,wu-du-'
dul: ' v1="(a)dula"' => '10.055-01,-dul-a'
duz: ' v1="(a)duza"' => '04.081-01,-duz-a'
duh: ' v1="(a)duha"' => '01.475-02,-duh-ir;02.005-01,-duh-a'
dU: '' => '04.023-01,-dU-N'
df: '' => '05.030-06,-df-;06.117-01,-df-N'
dfp: ' v1="(a)dfpa"' => '04.093-01,-dfp-a;06.029-01p,-dfp-a;10.213-05p,-dfp-a'
dfP: ' v1="(a)dfPa"' => '06.029-01,-dfP-a'
dfB: ' v1="(a)dfBa"' => '06.034-01,-dfB-I;10.214-01,-dfB-I;10.215-01,-dfB-a'
dfmP: ' v1="(a)dfmPa"' => '06.029-02,-dfmP-a'
dfS: ' v1="(a)dfSa"' => '01.707-01,-dfS-ir'
dF: '' => '01.532-01,-dF-;09.024-01,-dF-'
de: '' => '01.677-01,-de-N'
dev: ' v1="(a)deva"' => '01.327-02,-dev-f'
dE: '' => '01.646-01,-dE-p'
do: '' => '04.041-01,-do-'
dyu: '' => '02.038-01,-dyu-'
dyut: ' v1="(a)dyuta"' => '01.478-01,-dyut-a'
dyE: '' => '01.634-01,-dyE-'
dram: ' v1="(a)drama"' => '01.308-01,-dram-a'
drA: '' => '02.057-01,-drA-'
drAK: ' v1="(a)drAKa"' => '01.089-04,-drAK-f'
drAG: ' v1="(a)drAGa"' => '01.080-03,-drAG-f;01.081-01,-drAG-f'
drAq: ' v1="(a)drAqa"' => '01.189-01,-drAq-f'
drAh: ' v1="(a)drAha"' => '01.417-01,-drAh-f;01.417-01p,-drAh-f'
dru: '' => '01.030-01p,-dru-;01.664-02,-dru-;01.664-02,-dru-'
druq: ' v1="(a)druqa"' => 'mdp="NA"'
druh: ' v1="(a)druha"' => '04.094-01,-druh-a'
drU: '' => '09.010-01,-drU-Y'
drek: ' v1="(a)dreka"' => '01.067-01,-drek-f'
drE: '' => '01.635-01,-drE-'
dviz: ' v1="(a)dviza"' => '02.004-01,-dviz-a'
dvf: '' => 'mdp="NA"'
Dakk: ' v1="(a)Dakka"' => '10.050-02,-Dakk-a'
DaR: ' v1="(a)DaRa"' => '01.303-01p,-DaR-a'
Dan: ' v1="(a)Dana"' => '03.033-01,-Dan-a;03.033-01,-Dan-a'
Dav: ' v1="(a)Dava"' => '01.381-03,-Dav-i'
DA: '' => '03.017-01,qu-DA-Y'
DAv: ' v1="(a)DAva"' => '01.386a-01,-DAv-u;01.386a-01,-DAv-u'
Di: '' => '06.110-01,-Di-;06.110-01,-Di-'
Dikz: ' v1="(a)Dikza"' => '01.387-02,-Dikz-a'
Diz: ' v1="(a)Diza"' => '03.032-01,-Diz-a'
DI: '' => '04.027-01,-DI-N;04.027-01,-DI-N'
Du: '' => '05.009-01,-Du-Y'
Dukz: ' v1="(a)Dukza"' => '01.387-01,-Dukz-a'
Durvv: ' v1="(a)Durvva"' => 'mdp="NA"'
DU: '' => '06.099-01,-DU-;09.016-01,-DU-Y;10.227-01,-DU-Y'
DUp: ' v1="(a)DUpa"' => '01.274-01,-DUp-a;10.195-12,-DUp-a'
DUr: ' v1="(a)DUra"' => '04.047-01,-DUr-I'
DUS: ' v1="(a)DUSa"' => '10.090-01p,-DUS-a'
DUz: ' v1="(a)DUza"' => '10.090-02p,-DUz-a'
DUs: ' v1="(a)DUsa"' => '10.090-01,-DUs-a'
Df: '' => '01.629-01,-Df-Y;01.675-01,-Df-N;06.118-01,-Df-N'
Dfj: ' v1="(a)Dfja"' => '01.135-03,-Dfj-a;01.135-04,-Dfj-i'
Dfz: ' v1="(a)Dfza"' => '05.023-01,Yi-Dfz-A;10.241-01,-Dfz-a'
DF: '' => '09.025-01p,-DF-'
De: '' => '01.632-01,-De-w'
Dor: ' v1="(a)Dora"' => '01.361-01,-Dor-f'
DmA: '' => '01.649-01,-DmA-'
DyE: '' => '01.637-01,-DyE-'
Draj: ' v1="(a)Draja"' => '01.135-01,-Draj-a;01.135-02,-Draj-i'
DraR: ' v1="(a)DraRa"' => '01.303-01,-Dran-a'
Dras: ' v1="(a)Drasa"' => '09.057-01,u-Dras-a;10.189-01p,u-Dras-a'
DrAK: ' v1="(a)DrAKa"' => '01.089-05,-DrAK-f'
DrAG: ' v1="(a)DrAGa"' => '01.081-01p,-DrAG-f'
DrAq: ' v1="(a)DrAqa"' => '01.189-02,-DrAq-f'
Drij: ' v1="(a)Drija"' => 'mdp="NA"'
Dru: '' => '01.663-01,-Dru-;06.102-01,-Dru-'
Druv: ' v1="(a)Druva"' => '06.102-01p,-Druv-a'
Drek: ' v1="(a)Dreka"' => '01.067-02,-Drek-f'
DvaMs: ' v1="(a)DvaMsa"' => '01.488-02,-DvaMs-u;01.489-01,-DvaMs-u'
Dvaj: ' v1="(a)Dvaja"' => '01.135-05,-Dvaj-a;01.135-06,-Dvaj-i'
DvaR: ' v1="(a)DvaRa"' => '01.297-10,-DvaR-a'
Dvan: ' v1="(a)Dvana"' => '01.540-01,-Dvan-a;01.540-03p,-Dvan-i;01.557-03,-Dvan-a;10.276-01,-Dvana-'
Dvf: '' => '01.659-01,-Dvf-'
nakk: ' v1="(a)nakka"' => '10.050-01,-nakk-a'
naj: ' v1="(a)naja"' => 'mdp="NA"'
naw: ' v1="(a)nawa"' => '01.207-01,-naw-a;01.515-01,-naw-a;10.012-01,-naw-a;10.196-09,-naw-a'
naq: ' v1="(a)naqa"' => '10.196-02p,-naq-i'
nad: ' v1="(a)nada"' => '01.046-01,-nad-a;01.057-01,wu-nad-i;10.195-13,-nad-a'
nam: ' v1="(a)nama"' => '01.701-01,-nam-a'
namb: ' v1="(a)namba"' => 'mdp="NA"'
nay: ' v1="(a)naya"' => '01.312-02p,-nay-a;01.312-07,-nay-a'
nardd: ' v1="(a)nardda"' => 'mdp="NA"'
narbb: ' v1="(a)narbba"' => 'mdp="NA"'
nal: ' v1="(a)nala"' => '01.565-01,-nal-a'
nah: ' v1="(a)naha"' => '04.060-01,-nah-a'
nAT: ' v1="(a)nATa"' => '01.007-02,-nAT-f'
nAD: ' v1="(a)nADa"' => '01.007-01,-nAD-f'
nikz: ' v1="(a)nikza"' => '01.429-01,-nikz-a'
nid: ' v1="(a)nida"' => 'mdp="NA"'
niz: ' v1="(a)niza"' => 'mdp="NA"'
nizk: ' v1="(a)nizka"' => '10.131-01,-nizk-a'
nuq: ' v1="(a)nuqa"' => 'mdp="NA"'
nft: ' v1="(a)nfta"' => '04.009-01,-nft-I'
pakz: ' v1="(a)pakza"' => '10.017-01,-pakz-a'
pac: ' v1="(a)paca"' => '01.107-01,-pac-i;01.107-01p,-pac-a;01.718-01,qu-pac-az;10.100-01,-pac-i'
paw: ' v1="(a)pawa"' => '01.196-02,-paw-a;10.195-14,-paw-a;10.247-01,-pawa-'
paW: ' v1="(a)paWa"' => '01.223-01,-paW-a'
paq: ' v1="(a)paqa"' => 'mdp="NA"'
paR: ' v1="(a)paRa"' => '01.291-01,-paR-a'
pat: ' v1="(a)pata"' => '01.570-03,-pat-x;10.250-01,-pata-;01.570-03,-pat-x'
paT: ' v1="(a)paTa"' => '01.573-01,-paT-e;10.020-01p,-paT-a'
pad: ' v1="(a)pada"' => '04.064-01,-pad-a;10.281-01,-pada-;04.064-01,-pad-a'
pan: ' v1="(a)pana"' => '01.292-01,-pan-a'
pay: ' v1="(a)paya"' => '01.312-03,-pay-a'
parR: ' v1="(a)parRa"' => '10.324-01,-parRa-'
pard: ' v1="(a)parda"' => '01.025-01,-pard-a'
parp: ' v1="(a)parpa"' => '01.282-01,-parp-a'
parb: ' v1="(a)parba"' => '01.282-05,-parb-a'
parv: ' v1="(a)parva"' => '01.373-02,-parv-a'
parz: ' v1="(a)parza"' => 'mdp="NA"'
pal: ' v1="(a)pala"' => '01.566-01,-pal-a'
palyul: ' v1="(a)palyula"' => 'mdp="NA"'
pall: ' v1="(a)palla"' => 'mdp="NA"'
paS: ' v1="(a)paSa"' => '10.162-01,-paS-a;10.162-01,-paS-a'
paz: ' v1="(a)paza"' => '10.251-01,-paza-'
pas: ' v1="(a)pasa"' => '10.068-02,-pas-i'
pA: '' => '01.647-01,-pA-;02.059-01,-pA-;01.647-01,-pA-'
pAl: ' v1="(a)pAla"' => '10.063-01,-pAl-a'
pi: '' => '06.109-02,-pi-'
picc: ' v1="(a)picca"' => 'mdp="NA"'
picC: ' v1="(a)picCa"' => 'mdp="NA"'
pij: ' v1="(a)pija"' => 'mdp="NA"'
piw: ' v1="(a)piwa"' => '01.208-01,-piw-a'
piW: ' v1="(a)piWa"' => '01.229-01,-piW-a'
piq: ' v1="(a)piqa"' => 'mdp="NA"'
pil: ' v1="(a)pila"' => 'mdp="NA"'
piS: ' v1="(a)piSa"' => '01.461-01p,-piS-f;06.148-01,-piS-a;06.148-01p,-piS-a'
piz: ' v1="(a)piza"' => '07.020-01,-piz-x'
pis: ' v1="(a)pisa"' => '01.461-01,-pis-f;10.029-01,-pis-a'
pI: '' => '04.033-01,-pI-N;04.033-01,-pI-N'
pIq: ' v1="(a)pIqa"' => '10.011-01,-pIq-a'
pIl: ' v1="(a)pIla"' => '01.339-01,-pIl-a'
puMs: ' v1="(a)puMsa"' => '10.088-01,-puMs-a'
pucC: ' v1="(a)pucCa"' => 'mdp="NA"'
puw: ' v1="(a)puwa"' => '06.073-01,-puw-a;10.195-17,-puw-a;10.196-10,-puw-i;10.294-01,-puwa-'
puq: ' v1="(a)puqa"' => '01.218-01p,-puq-a;06.089-01,-puq-a'
puR: ' v1="(a)puRa"' => '06.043-01,-puR-a;10.087-01p,-puR-a'
puT: ' v1="(a)puTa"' => '01.038-02,-puT-i;04.012-01,-puT-a;10.195-18,-puT-a'
pur: ' v1="(a)pura"' => '06.055-01,-pur-a'
purv: ' v1="(a)purva"' => '01.373-01,-purv-a;10.112-01p,-purv-a'
pul: ' v1="(a)pula"' => '01.568-01,-pul-a;10.056-01,-pul-a'
puz: ' v1="(a)puza"' => '01.451-01,-puz-a;04.078-01,-puz-a;04.078-01,-puz-a;09.061-01,-puz-a;10.193-01,-puz-a'
pust: ' v1="(a)pusta"' => '10.048-01,-pust-a'
pU: '' => '01.682-01,-pU-N;09.011-01,-pU-Y'
pUj: ' v1="(a)pUja"' => '10.093-01,-pUj-a'
pUR: ' v1="(a)pURa"' => '10.087-02p,-pUrR-a'
pUy: ' v1="(a)pUya"' => '01.316-01,-pUy-I'
pUl: ' v1="(a)pUla"' => '01.346-01,-pUl-a;10.087-01,-pUl-a'
pUz: ' v1="(a)pUza"' => '01.439-01,-pUz-a'
pf: '' => '03.005-01p,-pf-;05.013-01,-pf-;06.106-01,-pf-N'
pfc: ' v1="(a)pfca"' => '02.023-01,-pfc-I;07.031-01,-pfc-I;10.201-02,-pfc-a'
pfj: ' v1="(a)pfja"' => '02.023-01p,-pfj-I'
pfq: ' v1="(a)pfqa"' => '06.039-01,-pfq-a'
pfR: ' v1="(a)pfRa"' => '06.040-01,-pfR-a'
pfT: ' v1="(a)pfTa"' => '10.020-01,-pfT-a'
pfz: ' v1="(a)pfza"' => '01.453-01,-pfz-u;01.454b-01,-pfz-'
pF: '' => '03.005-01,-pF-;09.019-01,-pF-;10.015-01,-pF-'
peR: ' v1="(a)peRa"' => 'mdp="NA"'
pel: ' v1="(a)pela"' => '01.353-01,-pel-f'
pev: ' v1="(a)peva"' => '01.328-05p,-pev-f'
pez: ' v1="(a)peza"' => 'mdp="NA"'
pes: ' v1="(a)pesa"' => '01.461-02,-pes-f'
pE: '' => '01.644-01,-pE-'
pER: ' v1="(a)pERa"' => '01.302-01p,-pER-f'
pyAy: ' v1="(a)pyAya"' => '01.319-02,o-pyAy-I'
pyuz: ' v1="(a)pyuza"' => 'mdp="NA"'
pyus: ' v1="(a)pyusa"' => '04.007-01p,-pyus-a'
pyE: '' => '01.679-01,-pyE-N'
pracC: ' v1="(a)pracCa"' => 'mdp="NA"'
praT: ' v1="(a)praTa"' => '01.500-01,-praT-a;10.019-01,-praT-a;10.019-01,-praT-a'
pras: ' v1="(a)prasa"' => '01.501-01,-pras-a'
prA: '' => '02.064-01,-prA-'
pruz: ' v1="(a)pruza"' => '01.452-03,-pruz-u;09.060-01,-pruz-a'
prez: ' v1="(a)preza"' => '01.400-04,-prez-f'
proT: ' v1="(a)proTa"' => '01.599-01,-proT-f'
plakz: ' v1="(a)plakza"' => '01.620-02p,-plakz-a'
plih: ' v1="(a)pliha"' => '01.415-01,-plih-a'
plI: '' => '09.035-01,-plI-'
pluz: ' v1="(a)pluza"' => '01.452-04,-pluz-u;04.008-01,-pluz-a;04.115-01,-pluz-a;09.060-02,-pluz-a'
psA: '' => '02.058-01,-psA-'
Pakk: ' v1="(a)Pakka"' => '01.084-01,-Pakk-a'
PaR: ' v1="(a)PaRa"' => '01.550-01,-PaR-a'
Pal: ' v1="(a)Pala"' => '01.337-01,Yi-Pal-A;01.348-01,-Pal-a'
Pull: ' v1="(a)Pulla"' => '01.350-01,-Pull-a'
Pel: ' v1="(a)Pela"' => '01.353-03,-Pel-f'
baR: ' v1="(a)baRa"' => '01.297-01p,-baR-a'
bad: ' v1="(a)bada"' => '01.043-01,-bad-a;01.043-01p,-bad-i'
baD: ' v1="(a)baDa"' => 'mdp="NA"'
banD: ' v1="(a)banDa"' => '09.041-01,-banD-a;10.014-01p,-banD-a'
barbb: ' v1="(a)barbba"' => 'mdp="NA"'
barh: ' v1="(a)barha"' => '01.413-01,-barh-a;01.414-01p,-barh-a;10.111-02,-barh-a;10.195-19,-barh-a'
bal: ' v1="(a)bala"' => '01.567-01,-bal-a;10.080-01,-bal-a;01.567-01,-bal-a'
biw: ' v1="(a)biwa"' => '01.214-01,-biw-a'
bil: ' v1="(a)bila"' => '06.066-01,-bil-a;10.060-01,-bil-a'
bukk: ' v1="(a)bukka"' => '01.087-01,-bukk-a;10.157-01,-bukk-a'
buq: ' v1="(a)buqa"' => 'mdp="NA"'
bul: ' v1="(a)bula"' => 'mdp="NA"'
bus: ' v1="(a)busa"' => '04.114-01p,-bus-a;04.118-01,-bus-a'
bust: ' v1="(a)busta"' => '10.048-02,-bust-a'
braR: ' v1="(a)braRa"' => '01.297-02p,-braR-a'
Bakz: ' v1="(a)Bakza"' => '01.620-03p,-Bakz-a;10.022-01,-Bakz-a'
Baj: ' v1="(a)Baja"' => '01.720-01,-Baj-a;10.176-01,-Baj-a;10.195-22,-Baj-i'
Baw: ' v1="(a)Bawa"' => '01.204-01,-Baw-a;01.514-02,-Baw-a'
BaR: ' v1="(a)BaRa"' => '01.297-04,-BaR-a;01.303-02p,-BaR-a'
Barts: ' v1="(a)Bartsa"' => '10.128-02,-Barts-a'
Barv: ' v1="(a)Barva"' => '01.375-01,-Barv-a'
Bal: ' v1="(a)Bala"' => '01.324-01,-Bal-a;10.144-01,-Bal-a'
Ball: ' v1="(a)Balla"' => '01.324-02,-Ball-a'
Baz: ' v1="(a)Baza"' => '01.448-01,-Baz-a'
Bas: ' v1="(a)Basa"' => '03.028-01,-Bas-a'
BA: '' => '02.054-01,-BA-'
BAm: ' v1="(a)BAma"' => '01.293-01,-BAm-a;10.259-01,-BAma-'
Bikz: ' v1="(a)Bikza"' => '01.390-01,-Bikz-a;01.390-01p,-Bikz-a'
Buj: ' v1="(a)Buja"' => '06.125-01,-Buj-o;07.022-01,-Buj-a'
BU: '' => '01.001-01,-BU-;10.182-01,-BU-;10.235-01,-BU-'
BUz: ' v1="(a)BUza"' => '01.444-01,-BUz-a;10.172-02,-BUz-a'
BF: '' => '09.022-01,-BF-'
Byas: ' v1="(a)Byasa"' => '01.406-01,-Byas-a'
BraR: ' v1="(a)BraRa"' => '01.297-09,-BraR-a'
BrI: '' => '09.038-01,-BrI-;09.038-01p,-BrI-'
Bruq: ' v1="(a)Bruqa"' => 'mdp="NA"'
BrUR: ' v1="(a)BrURa"' => '10.135-01,-BrUR-a'
Blakz: ' v1="(a)Blakza"' => '01.620-01,-Blakz-a'
mak: ' v1="(a)maka"' => 'mdp="NA"'
makk: ' v1="(a)makka"' => 'mdp="NA"'
makz: ' v1="(a)makza"' => '01.432-01p,-makz-a'
maK: ' v1="(a)maKa"' => '01.091-05,-maK-a;01.091-06,-maK-i'
mac: ' v1="(a)maca"' => '01.105-01,-mac-a'
maYj: ' v1="(a)maYja"' => 'mdp="NA"'
maW: ' v1="(a)maWa"' => '01.225-01,-maW-a'
maR: ' v1="(a)maRa"' => '01.297-05,-maR-a'
mad: ' v1="(a)mada"' => '01.013-01,-mad-i;01.539-01,-mad-I;04.106-01,-mad-I;10.149-01,-mad-a;10.149-01p,-mad-a'
man: ' v1="(a)mana"' => '04.071-01,-man-a;08.010-01,-man-u;10.153-01,-man-a'
manT: ' v1="(a)manTa"' => '01.037-01,-manT-a;09.046-01,-manT-a'
maBr: ' v1="(a)maBra"' => '01.364-03,-maBr-a'
may: ' v1="(a)maya"' => '01.312-04,-may-a'
marc: ' v1="(a)marca"' => '10.098-01p,-marc-a'
marb: ' v1="(a)marba"' => '01.282-08,-marb-a'
marv: ' v1="(a)marva"' => '01.373-04,-marv-a'
mal: ' v1="(a)mala"' => '01.323-01,-mal-a'
mall: ' v1="(a)malla"' => '01.323-02,-mall-a'
mav: ' v1="(a)mava"' => '01.383-01,-mav-a'
mavy: ' v1="(a)mavya"' => '01.331-01,-mavy-a'
maS: ' v1="(a)maSa"' => '01.464-02,-maS-a'
maz: ' v1="(a)maza"' => '01.447-08,-maz-a'
mask: ' v1="(a)maska"' => '01.077-09,-mask-a'
mah: ' v1="(a)maha"' => '01.410-02,-mah-i;01.470-01,-mah-a;10.256-01,-maha-'
mA: '' => '02.065-01,-mA-;03.009-01,-mA-N;03.009-01,-mA-N;04.034-01,-mA-N'
mAn: ' v1="(a)mAna"' => '01.690-01,-mAn-a;10.234-01,-mAn-a'
mArg: ' v1="(a)mArga"' => '10.069-01p,-mArg-a;10.237-01,-mArg-a'
mArj: ' v1="(a)mArja"' => '10.098-02,-mArj-a'
micC: ' v1="(a)micCa"' => 'mdp="NA"'
mil: ' v1="(a)mila"' => '06.070-01,-mil-a;06.137-01,-mil-a'
miS: ' v1="(a)miSa"' => '01.464-01,-miS-a'
miSr: ' v1="(a)miSra"' => '10.307-01,-miSra-'
miz: ' v1="(a)miza"' => '01.450-03,-miz-u;06.059-01,-miz-a'
mI: '' => '04.028-01,-mI-N;09.004-01,-mI-Y;10.217-01,-mI-'
mIl: ' v1="(a)mIla"' => '01.338-01,-mIl-a'
mIv: ' v1="(a)mIva"' => '01.368-02,-mIv-a;01.368-02,-mIv-a'
muj: ' v1="(a)muja"' => '01.155-05,-muj-a;01.155-06,-muj-i'
muYc: ' v1="(a)muYca"' => '01.105-02,-muc-i'
muw: ' v1="(a)muwa"' => '01.218-01,-muw-a;06.080-01,-muw-a;10.067-01,-muw-a'
muq: ' v1="(a)muqa"' => '01.218-03p,-muq-a;01.218-04p,-muq-i;01.220-01,-muq-i'
muR: ' v1="(a)muRa"' => '06.044-01,-muR-a'
mud: ' v1="(a)muda"' => '01.016-01,-mud-a;10.187-01,-mud-a'
mur: ' v1="(a)mura"' => '06.052-01,-mur-a'
muz: ' v1="(a)muza"' => '09.062-01,-muz-a;09.062-01,-muz-a'
must: ' v1="(a)musta"' => 'mdp="NA"'
muh: ' v1="(a)muha"' => '04.095-01,-muh-a'
mU: '' => '01.683-01,-mU-N'
mUl: ' v1="(a)mUla"' => '01.347-01,-mUl-a;10.058-01,-mUl-a'
mUz: ' v1="(a)mUza"' => '01.440-01,-mUz-a'
mfkz: ' v1="(a)mfkza"' => '01.432-01,-mfkz-a'
mfg: ' v1="(a)mfga"' => '10.283-01,-mfga-'
mfq: ' v1="(a)mfqa"' => '06.038-01,-mfq-a;09.050-01,-mfq-a;09.050-01p,-mfq-a;09.050-02p,-mfq-a;10.107-02p,-mfq-i'
mfR: ' v1="(a)mfRa"' => '06.041-01,-mfR-a'
mfd: ' v1="(a)mfda"' => '09.049-01,-mfd-a'
mfz: ' v1="(a)mfza"' => '01.453-03,-mfz-u;01.454a-01,-mfz-u;01.454a-01p,-mfz-u;04.057-01,-mfz-a;10.240-01,-mfz-a'
mF: '' => '09.023-01,-mF-'
me: '' => '01.676-01,-me-N'
mokz: ' v1="(a)mokza"' => '10.173-01,-mokz-a'
mnA: '' => '01.651-01,-mnA-'
mrakz: ' v1="(a)mrakza"' => '10.109-01,-mrakz-a'
mrad: ' v1="(a)mrada"' => '01.502-01,-mrad-a'
mlakz: ' v1="(a)mlakza"' => 'mdp="NA"'
mleC: ' v1="(a)mleCa"' => '01.124-01,-mlecC-a;10.110-01,-mlecC-a'
mlE: '' => '01.633-02,-mlE-'
yakz: ' v1="(a)yakza"' => '02.078a-01p,-yakz-a;10.137-01,-yakz-a'
yaj: ' v1="(a)yaja"' => '01.724-01,-yaj-a'
yantr: ' v1="(a)yantra"' => '10.003-01,-yatr-i'
yam: ' v1="(a)yama"' => '01.703-01,-yam-a;01.703-01p,-yam-u;10.077-01,-yam-a'
yA: '' => '02.052-01,-yA-'
yu: '' => '02.028-01,-yu-;09.007-01,-yu-Y;10.154-01,-yu-'
yucC: ' v1="(a)yucCa"' => 'mdp="NA"'
yut: ' v1="(a)yuta"' => '01.027-01,-yut-f'
yup: ' v1="(a)yupa"' => '04.132-01,-yup-a'
yUz: ' v1="(a)yUza"' => '01.442-01,-yUz-a'
rak: ' v1="(a)raka"' => '10.184-01,-rak-a'
rakz: ' v1="(a)rakza"' => '01.428-01,-rakz-a'
raK: ' v1="(a)raKa"' => '01.091-09,-raK-a;01.091-10,-raK-i'
rag: ' v1="(a)raga"' => '01.519-01,-rag-e;10.184-01p,-rag-a;10.184-02p,-rag-i'
rac: ' v1="(a)raca"' => '10.253-01,-raca-'
raYj: ' v1="(a)raYja"' => '01.721-01,-raYj-a;04.061-01,-raYj-a'
raw: ' v1="(a)rawa"' => '01.197-01,-raw-a'
raW: ' v1="(a)raWa"' => '01.226-01,-raW-a'
raR: ' v1="(a)raRa"' => '01.297-02,-raR-a;01.524-02,-raR-a;01.540-04p,-raR-i;01.297-02,-raR-a'
rad: ' v1="(a)rada"' => '01.045-01,-rad-a'
rap: ' v1="(a)rapa"' => '01.279-01,-rap-a'
ray: ' v1="(a)raya"' => '01.314-01,-ray-a'
ras: ' v1="(a)rasa"' => '01.457-04,-ras-a;10.316-01,-rasa-'
rah: ' v1="(a)raha"' => '01.471-01,-rah-a;10.079-01,-rah-a;10.248-01,-raha-'
rA: '' => '02.060-01,-rA-'
rAG: ' v1="(a)rAGa"' => '01.080-01,-rAG-f'
rAj: ' v1="(a)rAja"' => '01.553-01,-rAj-f'
rAD: ' v1="(a)rADa"' => '04.076-01,-rAD-;05.017-01,-rAD-a'
rAs: ' v1="(a)rAsa"' => '01.404-02,-rAs-f'
ri: '' => '05.030-01,-ri-;06.109-01,-ri-'
riK: ' v1="(a)riKa"' => '01.091-03p,-riK-i'
riK: ' v1="(a)riKa"' => '01.091-03p,-riK-i'
rig: ' v1="(a)riga"' => 'mdp="NA"'
ric: ' v1="(a)rica"' => '07.004-01,-ric-ir;10.209-01,-ric-a'
rij: ' v1="(a)rija"' => 'mdp="NA"'
riP: ' v1="(a)riPa"' => '06.026-01,-riP-a'
rimP: ' v1="(a)rimPa"' => 'mdp="NA"'
riS: ' v1="(a)riSa"' => '06.127-02,-riS-a'
riz: ' v1="(a)riza"' => '01.447-10,-riz-a;04.128b-01p,-riz-a'
rih: ' v1="(a)riha"' => '06.026-01p,-rih-a'
rI: '' => '04.029-01,-rI-N;09.032-01,-rI-'
rIv: ' v1="(a)rIva"' => 'mdp="NA"'
ru: '' => '01.674-01,-ru-N;02.029-01,-ru-'
ruc: ' v1="(a)ruca"' => '01.482-01,-ruc-a'
ruj: ' v1="(a)ruja"' => '06.124-01,-ruj-o;10.198-01,-ruj-a'
ruw: ' v1="(a)ruwa"' => '01.484-01,-ruw-a;10.117-01p,-ruw-;10.196-01,-ruw-a'
ruW: ' v1="(a)ruWa"' => '01.228-01,-ruW-a'
ruD: ' v1="(a)ruDa"' => '04.069-01,-ruD-a;07.001-01,-ruD-ir'
rup: ' v1="(a)rupa"' => '04.132-02,-rup-a'
ruS: ' v1="(a)ruSa"' => '06.127-01,-ruS-a'
ruz: ' v1="(a)ruza"' => '01.447-09,-ruz-a;04.128a-01,-ruz-a;10.117-01,-ruz-a'
rUkz: ' v1="(a)rUkza"' => '10.292-01,-rUkza-'
rUp: ' v1="(a)rUpa"' => '10.318-01,-rUpa-'
rUz: ' v1="(a)rUza"' => '01.440-01p,-rUz-a'
rE: '' => '01.638-01,-rE-'
lak: ' v1="(a)laka"' => 'mdp="NA"'
lakz: ' v1="(a)lakza"' => '10.005-01,-lakz-a;10.140-02,-lakz-a'
laK: ' v1="(a)laKa"' => '01.091-11,-laK-a;01.091-12,-laK-i'
laG: ' v1="(a)laGa"' => 'mdp="NA"'
lacC: ' v1="(a)lacCa"' => 'mdp="NA"'
laj: ' v1="(a)laja"' => '01.150-01,-laj-a;01.150-02,-laj-i;06.012-01,o-laj-I;10.306-01,-laja-'
laYj: ' v1="(a)laYja"' => '01.150-02,-laj-i;10.196-02,-laj-i'
law: ' v1="(a)lawa"' => '01.198-01,-law-a'
laq: ' v1="(a)laqa"' => '01.245-01,-laq-a;01.538-01,-laq-;10.007-01,-laq-a;10.009-01p,o-laq-i'
lay: ' v1="(a)laya"' => 'mdp="NA"'
lal: ' v1="(a)lala"' => '01.245-01p,-lal-a;10.132-01,-lal-a'
laS: ' v1="(a)laSa"' => 'mdp="NA"'
laz: ' v1="(a)laza"' => '01.616-01,-laz-a'
las: ' v1="(a)lasa"' => '01.458-01,-las-a;10.171-01,-las-a;10.171-01p,-las-a'
lA: '' => '02.061-01,-lA-'
lAj: ' v1="(a)lAja"' => '01.151-01,-lAj-a;01.151-02,-lAj-i'
lAB: ' v1="(a)lABa"' => '10.320-01,-lABa-'
liK: ' v1="(a)liKa"' => '06.071-01,-liK-a'
lih: ' v1="(a)liha"' => '02.007-01,-lih-a'
lI: '' => '04.030-01,-lI-N;09.033-01,-lI-;10.205-01,-lI-'
luW: ' v1="(a)luWa"' => '01.221-03p,-luW-i;01.228-02,-luW-a;01.233-01,-luW-i;01.235-02,-luW-i;01.484-03,-luW-a;01.228-02,-luW-a'
luq: ' v1="(a)luqa"' => '01.221-04p,-luq-i;01.228-01p,-luq-a'
lup: ' v1="(a)lupa"' => '04.132-03,-lup-a;06.139-01,-lup-x'
luB: ' v1="(a)luBa"' => '04.133-01,-luB-a;06.025-01,-luB-a'
lul: ' v1="(a)lula"' => '01.211-01p,-lul-a'
luz: ' v1="(a)luza"' => 'mdp="NA"'
lUz: ' v1="(a)lUza"' => '01.440-02p,-lUz-a;10.064-01,-lUz-a'
lozw: ' v1="(a)lozwa"' => '01.162-02,-lozw-a'
lpI: '' => 'mdp="NA"'
lvI: '' => 'mdp="NA"'
vakk: ' v1="(a)vakka"' => 'mdp="NA"'
vakz: ' v1="(a)vakza"' => '01.431-01,-vakz-a'
vaK: ' v1="(a)vaKa"' => '01.091-03,-vaK-a;01.091-04,-vaK-i'
vaj: ' v1="(a)vaja"' => '01.157-01,-vaj-a;10.069-02p,-vaj-i'
vaw: ' v1="(a)vawa"' => '01.200-01,-vaw-a;01.200-01p,-vaw-i;01.514-01,-vaw-a;10.044-01,-vaw-i;10.247-01p,-vawa-;10.247-02,-vawa-;10.305-01,-vawa-'
vaW: ' v1="(a)vaWa"' => '01.224-01,-vaW-a'
vaRw: ' v1="(a)vaRwa"' => '10.044-01,-vaw-i'
vad: ' v1="(a)vada"' => '01.011-01,-vad-i;01.735-01,-vad-a;10.232-01,-vad-a'
van: ' v1="(a)vana"' => '01.305-02,-van-a;01.306-01,-van-a;01.528-01,-van-u;08.009-01,-van-u'
vaBr: ' v1="(a)vaBra"' => '01.364-02,-vaBr-a'
vay: ' v1="(a)vaya"' => '01.312-02,-vay-a'
varR: ' v1="(a)varRa"' => '10.018-01,-varR-a;10.322-01,-varRa-'
varD: ' v1="(a)varDa"' => '10.103-01,-varD-a'
varP: ' v1="(a)varPa"' => 'mdp="NA"'
varh: ' v1="(a)varha"' => '01.414-01,-varh-a;01.414-03p,-varh-a'
val: ' v1="(a)vala"' => '01.322-01,-val-a;01.540-05p,-val-i'
valk: ' v1="(a)valka"' => '10.031-02,-valk-a'
valg: ' v1="(a)valga"' => '01.091-16,-valg-i'
valB: ' v1="(a)valBa"' => '01.268-01,-valB-a'
vall: ' v1="(a)valla"' => '01.322-02,-vall-a'
valh: ' v1="(a)valha"' => '01.414-02,-valh-a;01.414-04p,-valh-a'
vaS: ' v1="(a)vaSa"' => '02.088-01,-vaS-a'
vaz: ' v1="(a)vaza"' => '01.447-07,-vaz-a'
vazk: ' v1="(a)vazka"' => 'mdp="NA"'
vask: ' v1="(a)vaska"' => '01.077-08,-vask-a'
vast: ' v1="(a)vasta"' => 'mdp="NA"'
vah: ' v1="(a)vaha"' => '01.726-01,-vah-a'
vA: '' => '02.053-01,-vA-'
vAt: ' v1="(a)vAta"' => '10.269-01,-vAta-;10.269-01p,-vAta-'
vAs: ' v1="(a)vAsa"' => '10.271-01,-vAsa-'
vicC: ' v1="(a)vicCa"' => 'mdp="NA"'
viw: ' v1="(a)viwa"' => '01.213-01,-viw-a'
viq: ' v1="(a)viqa"' => 'mdp="NA"'
vitt: ' v1="(a)vitta"' => 'mdp="NA"'
vid: ' v1="(a)vida"' => '02.069-01,-vid-a;04.066-01,-vid-a;06.140-01,-vid-x;07.017-01,-vid-a;10.152-01,-vid-a;10.152-01p,-vid-a;10.152-02p,-vid-a'
viD: ' v1="(a)viDa"' => '01.028-01p,-viD-a;06.036-01,-viD-a;06.036-01,-viD-a'
vip: ' v1="(a)vipa"' => 'mdp="NA"'
vil: ' v1="(a)vila"' => '06.065-01,-vil-a;10.059-02,-vil-a'
viS: ' v1="(a)viSa"' => '06.131-01,-viS-a'
viz: ' v1="(a)viza"' => '01.450-02,-viz-u;03.021-01,-viz-x;09.059-01,-viz-a'
vizk: ' v1="(a)vizka"' => '10.130-01,-vizk-a;10.325-01,-vizka-'
vis: ' v1="(a)visa"' => '01.461-03p,-vis-f'
vI: '' => '02.051-01,-vI-'
vIj: ' v1="(a)vIja"' => 'mdp="NA"'
vIr: ' v1="(a)vIra"' => '10.285-02,-vIra-'
vug: ' v1="(a)vuga"' => 'mdp="NA"'
vuw: ' v1="(a)vuwa"' => 'mdp="NA"'
vf: '' => '05.008-01,-vf-Y;05.008-01,-vf-Y;09.043-01,-vf-N;10.207-01,-vf-Y;10.207-01,-vf-Y'
vfk: ' v1="(a)vfka"' => '01.075-02,-vfk-a'
vfkz: ' v1="(a)vfkza"' => '01.388-01,-vfkz-a'
vfR: ' v1="(a)vfRa"' => '06.040-01p,-vfR-a'
vft: ' v1="(a)vfta"' => '01.491-01,-vft-u;04.052-01,-vft-u;10.195-30,-vft-u'
vfD: ' v1="(a)vfDa"' => '01.492-01,-vfD-u;10.195-31,-vfD-u'
vfS: ' v1="(a)vfSa"' => '04.124-01,-vfS-a'
vfz: ' v1="(a)vfza"' => '01.453-02,-vfz-u;01.454b-02,-vfz-;10.148-01,-vfz-a;10.148-01p,-vfz-a'
vfh: ' v1="(a)vfha"' => '01.473-05,-vfh-a;01.473-06,-vfh-i;06.056-01,-vfh-U'
vF: '' => '09.015-01,-vF-Y;09.021-01,-vF-'
ve: '' => '01.731-01,-ve-Y'
veR: ' v1="(a)veRa"' => '01.606-01,-veR-f'
ven: ' v1="(a)vena"' => 'mdp="NA"'
vep: ' v1="(a)vepa"' => '01.252-01,wu-vep-f'
vel: ' v1="(a)vela"' => '01.352-01,-vel-f;10.267-01,-vela-'
vell: ' v1="(a)vella"' => '01.352-06,-vell-a'
vevI: '' => '02.085-01,-vevI-N'
vezw: ' v1="(a)vezwa"' => '01.160-01,-vezw-a'
ves: ' v1="(a)vesa"' => '01.461-04p,-ves-f'
veh: ' v1="(a)veha"' => '01.416-01,-veh-f'
vehl: ' v1="(a)vehla"' => 'mdp="NA"'
vyac: ' v1="(a)vyaca"' => '06.015-01,-vyac-a'
vyaT: ' v1="(a)vyaTa"' => '01.499-01,-vyaT-a'
vyap: ' v1="(a)vyapa"' => 'mdp="NA"'
vyay: ' v1="(a)vyaya"' => '01.610-01,-vyay-a;10.086-02p,-vyay-a;10.317-01,-vyaya-'
vyuz: ' v1="(a)vyuza"' => '04.007-01,-vyuz-a;04.114-01,-vyuz-a'
vraj: ' v1="(a)vraja"' => '01.157-02,-vraj-a;10.069-01,-vraj-a'
vraR: ' v1="(a)vraRa"' => '01.297-08,-vraR-a;10.321-01,-vraRa-'
vrI: '' => '04.031-01,-vrI-N;09.037-01,-vrI-'
vrIq: ' v1="(a)vrIqa"' => '04.017-01,-vrIq-a;04.017-01p,-vrIq-a'
vruq: ' v1="(a)vruqa"' => 'mdp="NA"'
vrUs: ' v1="(a)vrUsa"' => 'mdp="NA"'
vlI: '' => '09.034-01,-vlI-'
SaMs: ' v1="(a)SaMsa"' => '01.468-01,-SaMs-u;01.407-01,-Sas-i'
Sak: ' v1="(a)Saka"' => '01.070-01,-Sak-i;04.083-01,-Sak-a;05.016-01,-Sak-x'
Sac: ' v1="(a)Saca"' => '01.101-01,-Sac-a'
Saw: ' v1="(a)Sawa"' => '01.199-01,-Saw-a'
SaW: ' v1="(a)SaWa"' => '01.230-01,-SaW-a;10.027-01,-SaW-a;10.136-01,-SaW-a;10.246-01,-SaWa-;10.246-01,-SaWa-'
Saq: ' v1="(a)Saqa"' => 'mdp="NA"'
SaR: ' v1="(a)SaRa"' => '01.525-02,-SaR-a'
Sad: ' v1="(a)Sada"' => '01.584-01,-Sad-x;06.135-01,-Sad-x'
Sap: ' v1="(a)Sapa"' => '01.722-01,-Sap-a;04.062-01,-Sap-a'
Sabd: ' v1="(a)Sabda"' => '10.157-01p,-Sabd-a'
Sam: ' v1="(a)Sama"' => '04.099-01,-Sam-u;10.140-01,-Sam-a'
Samb: ' v1="(a)Samba"' => '10.021-01p,-Samb-a'
Sarbb: ' v1="(a)Sarbba"' => 'mdp="NA"'
Sarvv: ' v1="(a)Sarvva"' => 'mdp="NA"'
Sal: ' v1="(a)Sala"' => '01.321-01,-Sal-a;01.570-01,-Sal-a'
SalB: ' v1="(a)SalBa"' => '01.267-01,-SalB-a'
Sav: ' v1="(a)Sava"' => '01.465-01,-Sav-a'
SaS: ' v1="(a)SaSa"' => '01.466-01,-SaS-a'
Saz: ' v1="(a)Saza"' => '01.447-06,-Saz-a'
Sas: ' v1="(a)Sasa"' => '01.467-01,-Sas-u'
SAK: ' v1="(a)SAKa"' => '01.090-01,-SAK-f'
SAq: ' v1="(a)SAqa"' => '01.190-01,-SAq-f'
SAn: ' v1="(a)SAna"' => '01.716-01,-SAn-a'
SAl: ' v1="(a)SAla"' => 'mdp="NA"'
SAs: ' v1="(a)SAsa"' => '02.015-01,-SAs-u;02.082-01,-SAs-u'
Si: '' => '05.003-01,-Si-Y'
Sikz: ' v1="(a)Sikza"' => '01.389-01,-Sikz-a'
SiK: ' v1="(a)SiKa"' => 'mdp="NA"'
SiG: ' v1="(a)SiGa"' => 'mdp="NA"'
Sij: ' v1="(a)Sija"' => 'mdp="NA"'
Siw: ' v1="(a)Siwa"' => '01.202-01,-Siw-a'
Sil: ' v1="(a)Sila"' => '06.069-01,-Sil-a'
Siz: ' v1="(a)Siza"' => '01.447-03,-Siz-a;07.019-01,-Siz-x;10.210-01,-Siz-a'
SI: '' => '02.026-01,-SI-N;02.026-01,-SI-N'
SIk: ' v1="(a)SIka"' => '01.064-01,-SIk-f;10.196-08,-SIk-a;10.219-01,-SIk-a'
SIB: ' v1="(a)SIBa"' => '01.262-01,-SIB-f'
SIl: ' v1="(a)SIla"' => '01.341-01,-SIl-a;10.265-01,-SIla-'
Suk: ' v1="(a)Suka"' => '01.086-01p,-Suk-a'
Suc: ' v1="(a)Suca"' => '01.114-01,-Suc-a;04.058-01,I-Suc-ir;04.058-01,I-Suc-ir'
Sucy: ' v1="(a)Sucya"' => '01.334-01,-Sucy-a'
SuW: ' v1="(a)SuWa"' => '01.231-01,-SuW-a;01.231-01p,-SuW-a;10.095-01,-SuW-a'
SunD: ' v1="(a)SunDa"' => '01.062-01,-SunD-a;10.224-01,-SunD-a'
SuB: ' v1="(a)SuBa"' => '01.287-01,-SuB-a;01.287-01p,-SuB-a;01.485-01,-SuB-a;06.033-01,-SuB-a'
SumB: ' v1="(a)SumBa"' => '01.287-02,-SumB-a;01.287-02p,-SumB-a;06.033-02,-SumB-a'
Sulk: ' v1="(a)Sulka"' => '10.070-01,-Sulk-a'
Suz: ' v1="(a)Suza"' => '04.079-01,-Suz-a;04.079-01,-Suz-a'
SUr: ' v1="(a)SUra"' => '04.049-01,-SUr-I;10.285-01,-SUra-'
SUrp: ' v1="(a)SUrpa"' => '10.065-01p,-SUrp-a'
SUl: ' v1="(a)SUla"' => '01.344-01,-SUl-a'
SUz: ' v1="(a)SUza"' => '01.441-01,-SUz-a'
SfD: ' v1="(a)SfDa"' => '01.493-01,-SfD-u;01.603-01,-SfD-u;10.177-01,-SfD-u'
SF: '' => '09.018-01,-SF-'
Sel: ' v1="(a)Sela"' => '01.353-02,-Sel-f'
SE: '' => '01.643-01,-SE-'
So: '' => '04.038-01,-So-'
SoR: ' v1="(a)SoRa"' => '01.299-01,-SoR-f'
SOw: ' v1="(a)SOwa"' => '01.192-01,-SOw-f'
Scut: ' v1="(a)Scuta"' => '01.036-02p,-Scut-ir'
Scyut: ' v1="(a)Scyuta"' => '01.036-01,-Scyut-ir'
SmIl: ' v1="(a)SmIla"' => '01.338-02,-SmIl-a'
SyE: '' => '01.678-01,-SyE-N'
Srak: ' v1="(a)Sraka"' => 'mdp="NA"'
Srag: ' v1="(a)Sraga"' => 'mdp="NA"'
SraR: ' v1="(a)SraRa"' => '01.525-03,-SraR-a;10.038-01,-SraR-a'
SraT: ' v1="(a)SraTa"' => '01.029-01,-SraT-i;01.526-01,-SraT-a;10.013-01,-SraT-a;10.216-01,-SraT-a;10.216-01p,-SraT-a;10.257-03,-SraTa-'
SranT: ' v1="(a)SranTa"' => '09.045-01,-SranT-a;09.047-01p,-SranT-a;10.229-01,-SranT-a'
Sram: ' v1="(a)Srama"' => '04.102-01,-Sram-u'
SramB: ' v1="(a)SramBa"' => '01.270-01,-SramB-u'
SrA: '' => '01.534-01,-SrA-;02.056-01,-SrA-'
SrAm: ' v1="(a)SrAma"' => 'mdp="NA"'
Sri: '' => '01.625-01,-Sri-Y'
Sriz: ' v1="(a)Sriza"' => '01.452-01,-Sriz-u'
SrI: '' => '09.003-01,-SrI-Y'
Sru: '' => '01.662-01,-Sru-'
SrE: '' => '01.643-02,-SrE-'
SroR: ' v1="(a)SroRa"' => '01.300-01,-SroR-f'
Slak: ' v1="(a)Slaka"' => 'mdp="NA"'
Slag: ' v1="(a)Slaga"' => 'mdp="NA"'
SlaT: ' v1="(a)SlaTa"' => 'mdp="NA"'
SlAK: ' v1="(a)SlAKa"' => '01.090-02,-SlAK-f'
SlAG: ' v1="(a)SlAGa"' => '01.082-01,-SlAG-f'
Sliz: ' v1="(a)Sliza"' => '01.452-02,-Sliz-u;04.082-01,-Sliz-a;10.034-01,-Sliz-a;10.034-01,-Sliz-a'
Slok: ' v1="(a)Sloka"' => '01.066-01,-Slok-f'
SloR: ' v1="(a)SloRa"' => '01.301-01,-SloR-f'
Svak: ' v1="(a)Svaka"' => 'mdp="NA"'
Svag: ' v1="(a)Svaga"' => 'mdp="NA"'
Svac: ' v1="(a)Svaca"' => '01.102-01,-Svac-a;01.102-02,-Svac-i'
Svaj: ' v1="(a)Svaja"' => 'mdp="NA"'
SvaW: ' v1="(a)SvaWa"' => '10.027-01p,-SvaW-i;10.027-02,-SvaW-a;10.246-02,-SvaWa-'
SvaBr: ' v1="(a)SvaBra"' => '10.075-01,-SvaBr-a'
Svartt: ' v1="(a)Svartta"' => 'mdp="NA"'
Sval: ' v1="(a)Svala"' => '01.359-01,-Sval-a'
Svalk: ' v1="(a)Svalka"' => '10.031-01p,-Svalk-a'
Svall: ' v1="(a)Svalla"' => '01.359-02,-Svall-a'
Svas: ' v1="(a)Svasa"' => '02.076-01,-Svas-a'
Svi: '' => '01.736-01,wuo-Svi-'
Svit: ' v1="(a)Svita"' => '01.479-01,-Svit-A'
Svid: ' v1="(a)Svida"' => 'mdp="NA"'
zaww: ' v1="(a)zawwa"' => 'mdp="NA"'
zWiv: ' v1="(a)zWiva"' => '01.365-01,-zWiv-u;01.365-02,-zWiv-u;04.004-01,-zWiv-u;04.004-02,-zWiv-u'
zvakk: ' v1="(a)zvakka"' => 'mdp="NA"'
zvazk: ' v1="(a)zvazka"' => '01.077-07,-zvazk-a'
sag: ' v1="(a)saga"' => '01.521-03,-sag-e'
saG: ' v1="(a)saGa"' => '05.022b-01,-saG-a'
saYj: ' v1="(a)saYja"' => '01.706-01,-saYj-a;01.706-01,-saYj-a'
saw: ' v1="(a)sawa"' => '01.210-01,-saw-a'
saww: ' v1="(a)sawwa"' => '10.086-01,-saww-a'
saW: ' v1="(a)saWa"' => 'mdp="NA"'
satr: ' v1="(a)satra"' => '10.288-01,-satra-'
saBAj: ' v1="(a)saBAja"' => '10.274-01p,-saBAja-;10.274-01,-saBAja-'
samb: ' v1="(a)samba"' => '10.021-01,-samb-a'
sarjj: ' v1="(a)sarjja"' => 'mdp="NA"'
sarbb: ' v1="(a)sarbba"' => 'mdp="NA"'
sas: ' v1="(a)sasa"' => '02.087-01,-sas-a;02.087-01p,-sas-a'
sAD: ' v1="(a)sADa"' => '05.017-02,-sAD-a'
sAntv: ' v1="(a)sAntva"' => '10.030-01,-sAntv-a'
sAmb: ' v1="(a)sAmba"' => '10.021-02p,-sAmb-a'
sIk: ' v1="(a)sIka"' => '01.064-01p,-sIk-f;01.069-01p,-sIk-f'
su: '' => '01.661-01,-su-;02.040-01,-su-;05.001-01,-su-Y;01.661-01,-su-'
suK: ' v1="(a)suKa"' => '10.315-01,-suKa-'
suww: ' v1="(a)suwwa"' => '10.025-02,-suww-a'
sur: ' v1="(a)sura"' => '06.049-01,-sur-a'
sUc: ' v1="(a)sUca"' => '10.260-01,-sUca-'
sUtr: ' v1="(a)sUtra"' => '10.290-01,-sUtra-;10.290-01p,-sUtra-'
sUrkzy: ' v1="(a)sUrkzya"' => '01.332-01,-sUrkzy-a'
sUz: ' v1="(a)sUza"' => 'mdp="NA"'
sf: '' => '01.656-01,-sf-;03.026-02,-sf-'
sfj: ' v1="(a)sfja"' => '04.073-01,-sfj-a;06.122-01,-sfj-a'
sfp: ' v1="(a)sfpa"' => '01.702-02,-sfp-x'
sF: '' => 'mdp="NA"'
sek: ' v1="(a)seka"' => '01.069-01,-sek-f;01.069-02p,-sek-f'
sel: ' v1="(a)sela"' => '01.353-02p,-sel-f;01.353-03p,-sel-f'
sev: ' v1="(a)seva"' => '01.328-01,-sev-f'
sE: '' => '01.641-03,-sE-'
skad: ' v1="(a)skada"' => 'mdp="NA"'
skand: ' v1="(a)skanda"' => '01.699b-01,-skand-ir'
skaB: ' v1="(a)skaBa"' => 'mdp="NA"'
sku: '' => '09.006-01,-sku-Y'
skud: ' v1="(a)skuda"' => 'mdp="NA"'
skumB: ' v1="(a)skumBa"' => 'mdp="NA"'
sKad: ' v1="(a)sKada"' => '01.503-01,-sKad-a'
sKal: ' v1="(a)sKala"' => '01.354-01,-sKal-a;01.540-06p,-sKal-i'
stan: ' v1="(a)stana"' => '01.305-01,-stan-a;10.249-02,-stana-'
stamB: ' v1="(a)stamBa"' => '01.265-01,-staB-i'
stumB: ' v1="(a)stumBa"' => 'mdp="NA"'
stUp: ' v1="(a)stUpa"' => '04.129-01p,-stUp-a;10.119-01,-stUp-a'
stf: '' => '05.006-01,-stf-Y'
stf: '' => '05.006-01,-stf-Y'
stfkz: ' v1="(a)stfkza"' => '01.430-02,-stfkz-a'
stfh: ' v1="(a)stfha"' => '06.057-01p,-stfh-u;06.057-03,-stfh-U'
stfh: ' v1="(a)stfha"' => '06.057-01p,-stfh-u;06.057-03,-stfh-U'
sten: ' v1="(a)stena"' => '10.279-01,-stena-'
step: ' v1="(a)stepa"' => '01.249-04,-step-f'
styE: '' => '01.639-01,-styE-;01.639-02,-styE-'
sTag: ' v1="(a)sTaga"' => '01.521-01p,-sTag-e'
sTal: ' v1="(a)sTala"' => '01.563-01,-sTal-a'
sTuq: ' v1="(a)sTuqa"' => '06.092-02,-sTuq-a'
sTUl: ' v1="(a)sTUla"' => '10.286-01,-sTUla-'
sniw: ' v1="(a)sniwa"' => 'mdp="NA"'
spad: ' v1="(a)spada"' => 'mdp="NA"'
spaS: ' v1="(a)spaSa"' => '01.615-01,-spaS-a;10.127-01,-spaS-a;10.127-01,-spaS-a'
spf: '' => '05.014-01,-spf-'
spfS: ' v1="(a)spfSa"' => '06.129-01,-spfS-a'
spfh: ' v1="(a)spfha"' => '10.258-01,-spfha-'
sPaw: ' v1="(a)sPawa"' => '01.222-01p,-sPaw-a'
sPaq: ' v1="(a)sPaqa"' => 'mdp="NA"'
sPar: ' v1="(a)sPara"' => '06.093-01p,-sPar-a'
sPal: ' v1="(a)sPala"' => 'mdp="NA"'
sPAy: ' v1="(a)sPAya"' => '01.319-01,-sPAy-I'
sPiw: ' v1="(a)sPiwa"' => '10.032-01p,-sPiw-a'
sPuw: ' v1="(a)sPuwa"' => '01.164-01,-sPuw-a;01.222-01,-sPuw-ir;01.222-02p,-sPuw-i;06.079-01,-sPuw-a;10.164-02,-sPuw-a'
sPuq: ' v1="(a)sPuqa"' => '01.180-01p,-sPuq-i;06.094-01,-sPuq-a;10.004-01,-sPuq-i'
sPur: ' v1="(a)sPura"' => '06.093-01,-sPur-a;06.093-02p,-sPur-a'
sPurcC: ' v1="(a)sPurcCa"' => 'mdp="NA"'
sPurjj: ' v1="(a)sPurjja"' => 'mdp="NA"'
sPurjj: ' v1="(a)sPurjja"' => 'mdp="NA"'
sPul: ' v1="(a)sPula"' => '06.093-02,-sPul-a'
smi: '' => '01.669-01,-smi-N;10.033-01p,-smi-N'
smiw: ' v1="(a)smiwa"' => '10.033-01,-smiw-a'
smIl: ' v1="(a)smIla"' => '01.338-03,-smIl-a'
syand: ' v1="(a)syanda"' => '01.494-01,-syand-U'
syam: ' v1="(a)syama"' => '01.557-01,-syam-u;10.138-01,-syam-a'
sraMs: ' v1="(a)sraMsa"' => '01.488-01,-sraMs-u'
srak: ' v1="(a)sraka"' => 'mdp="NA"'
sramB: ' v1="(a)sramBa"' => '01.270-01p,-sramB-u;01.490-01,-sramB-u'
sriB: ' v1="(a)sriBa"' => 'mdp="NA"'
srimB: ' v1="(a)srimBa"' => 'mdp="NA"'
sriv: ' v1="(a)sriva"' => '04.003-01,-sriv-u'
sru: '' => '01.660-01,-sru-'
srek: ' v1="(a)sreka"' => '01.069-02,-srek-f'
srE: '' => '01.643-01p,-srE-'
svag: ' v1="(a)svaga"' => 'mdp="NA"'
svad: ' v1="(a)svada"' => '01.018-01,-svad-a;10.199-01,-svad-a'
svan: ' v1="(a)svana"' => '01.541-01,-svan-a;01.557-02,-svan-a'
svar: ' v1="(a)svara"' => '10.252-01,-svara-'
svardd: ' v1="(a)svardda"' => 'mdp="NA"'
svAd: ' v1="(a)svAda"' => '01.024-01,-svAd-a;10.199-01p,-svAd-a'
svf: '' => '01.654-01,-svf-'
haw: ' v1="(a)hawa"' => '01.209-01,-haw-a'
haW: ' v1="(a)haWa"' => '01.227-01,-haW-a;01.227-01p,-haW-a'
had: ' v1="(a)hada"' => '01.696-01,-had-a'
han: ' v1="(a)hana"' => '02.002-01,-han-a'
hamm: ' v1="(a)hamma"' => '01.308-02,-hamm-a'
hay: ' v1="(a)haya"' => '01.333-01,-hay-a'
haryy: ' v1="(a)haryya"' => 'mdp="NA"'
hal: ' v1="(a)hala"' => '01.564-01,-hal-a'
has: ' v1="(a)hasa"' => '01.462-01,-has-e'
hA: '' => '03.011-01,o-hA-N;03.013-01,o-hA-k'
hi: '' => '05.012-01,-hi-'
hikk: ' v1="(a)hikka"' => '01.594-01,-hikk-a'
hiq: ' v1="(a)hiqa"' => 'mdp="NA"'
hil: ' v1="(a)hila"' => '06.068-01,-hil-a'
hu: '' => '03.001-01,-hu-'
huq: ' v1="(a)huqa"' => '01.172-01,-huq-i;01.241-02,-huq-f'
hurcC: ' v1="(a)hurcCa"' => 'mdp="NA"'
hul: ' v1="(a)hula"' => '01.570-02,-hul-a;01.571-01,-hul-a'
hUq: ' v1="(a)hUqa"' => '01.241-01,-hUq-f'
hf: '' => '01.628-01,-hf-Y;03.025-01,-hf-;01.628-01,-hf-Y'
hfz: ' v1="(a)hfza"' => '01.456-01,-hfz-u;04.127-01,-hfz-a'
heW: ' v1="(a)heWa"' => '01.169-01,-heW-a;09.063-02p,-heW-a'
heq: ' v1="(a)heqa"' => '01.187-01,-heq-f;01.513-01,-heq-a'
heQ: ' v1="(a)heQa"' => 'mdp="NA"'
hez: ' v1="(a)heza"' => '01.401-02,-hez-f'
hoq: ' v1="(a)hoqa"' => '01.187-02,-hoq-f;01.241-03,-hoq-f'
hrag: ' v1="(a)hraga"' => '01.521-01,-hrag-e'
hras: ' v1="(a)hrasa"' => '01.457-02,-hras-a'
hrAd: ' v1="(a)hrAda"' => '01.022-01,-hrAd-a'
hrI: '' => '03.003-01,-hrI-'
hrIcC: ' v1="(a)hrIcCa"' => 'mdp="NA"'
hruq: ' v1="(a)hruqa"' => 'mdp="NA"'
hrez: ' v1="(a)hreza"' => '01.401-01p,-hrez-f'
hlag: ' v1="(a)hlaga"' => '01.521-02,-hlag-e'
hlap: ' v1="(a)hlapa"' => '10.106-01,-hlap-a'
hlas: ' v1="(a)hlasa"' => '01.457-03,-hlas-a'
hlAd: ' v1="(a)hlAda"' => '01.023-01,-hlAd-I'
hval: ' v1="(a)hvala"' => '01.530-01,-hval-a;01.571-02p,-hval-a'
hvf: '' => '01.653-01,-hvf-'
hve: '' => '01.733-01,-hve-Y'
1296 dp adjustments for 1296 keys
